# Logfile created on 2026-03-24 19:38:30 +0100 by logger.rb/v1.4.3
2026-03-24 19:38:30 +0100: Memory Usage (429852K) : Starting running IHP-SG13G2 KLayout DRC runset on /home/designer/shared/Layouts/PWMADCSYM.gds
2026-03-24 19:38:30 +0100: Memory Usage (429852K) : Ruby Version for klayout: 3.0.2
2026-03-24 19:38:30 +0100: Memory Usage (431516K) : Loading database to memory is complete.
2026-03-24 19:38:30 +0100: Memory Usage (431516K) : IHP-SG13G2 KLayout DRC runset output at: /home/designer/shared/Layouts/drc_run_PWMADCSYM/PWMADCSYM_PWMADCSYM_main.lyrdb
2026-03-24 19:38:30 +0100: Memory Usage (431516K) : Evaluate switches.
2026-03-24 19:38:30 +0100: Memory Usage (431516K) : tables selected: main
2026-03-24 19:38:30 +0100: Memory Usage (431516K) : KLayout will use 1 thread(s) in tiling mode.
2026-03-24 19:38:30 +0100: Memory Usage (431516K) : deep mode is enabled.
2026-03-24 19:38:30 +0100: Memory Usage (431516K) : FEOL enabled: true
2026-03-24 19:38:30 +0100: Memory Usage (431516K) : BEOL enabled: true
2026-03-24 19:38:30 +0100: Memory Usage (431516K) : OFFGRID enabled: true
2026-03-24 19:38:30 +0100: Memory Usage (431516K) : ANGLE enabled: true
2026-03-24 19:38:30 +0100: Memory Usage (431516K) : PIN enabled: true
2026-03-24 19:38:30 +0100: Memory Usage (431516K) : FORBIDDEN enabled: true
2026-03-24 19:38:30 +0100: Memory Usage (431516K) : RECOMMENDED enabled: true
2026-03-24 19:38:30 +0100: Memory Usage (431516K) : PreCheck DRC enabled: false
2026-03-24 19:38:30 +0100: Memory Usage (431516K) : CONNECTIVITY_RULES enabled: true.
2026-03-24 19:38:30 +0100: Memory Usage (431516K) : Read in polygons from layers.
2026-03-24 19:38:30 +0100: Memory Usage (432412K) : activ_drw has 1124 polygons
2026-03-24 19:38:30 +0100: Memory Usage (432412K) : activ_pin has 0 polygons
2026-03-24 19:38:30 +0100: Memory Usage (432412K) : activ_mask has 0 polygons
2026-03-24 19:38:30 +0100: Memory Usage (432412K) : activ_filler has 0 polygons
2026-03-24 19:38:30 +0100: Memory Usage (432412K) : activ_nofill has 0 polygons
2026-03-24 19:38:30 +0100: Memory Usage (432412K) : activ_opc has 0 polygons
2026-03-24 19:38:30 +0100: Memory Usage (432412K) : activ_iopc has 0 polygons
2026-03-24 19:38:30 +0100: Memory Usage (432412K) : activ_noqrc has 0 polygons
2026-03-24 19:38:30 +0100: Memory Usage (432412K) : biwind_drw has 0 polygons
2026-03-24 19:38:30 +0100: Memory Usage (432412K) : biwind_opc has 0 polygons
2026-03-24 19:38:30 +0100: Memory Usage (432412K) : pemwind_drw has 0 polygons
2026-03-24 19:38:30 +0100: Memory Usage (432924K) : gatpoly_drw has 1067 polygons
2026-03-24 19:38:30 +0100: Memory Usage (432924K) : gatpoly_pin has 155 polygons
2026-03-24 19:38:30 +0100: Memory Usage (432924K) : gatpoly_filler has 0 polygons
2026-03-24 19:38:30 +0100: Memory Usage (432924K) : gatpoly_nofill has 0 polygons
2026-03-24 19:38:30 +0100: Memory Usage (432924K) : gatpoly_opc has 0 polygons
2026-03-24 19:38:30 +0100: Memory Usage (432924K) : gatpoly_iopc has 0 polygons
2026-03-24 19:38:30 +0100: Memory Usage (432924K) : gatpoly_noqrc has 0 polygons
2026-03-24 19:38:30 +0100: Memory Usage (432924K) : cont_drw has 4323 polygons
2026-03-24 19:38:30 +0100: Memory Usage (432924K) : cont_opc has 0 polygons
2026-03-24 19:38:30 +0100: Memory Usage (432924K) : nsd_drw has 0 polygons
2026-03-24 19:38:30 +0100: Memory Usage (432924K) : nsd_block has 0 polygons
2026-03-24 19:38:30 +0100: Memory Usage (432924K) : metal1_drw has 2345 polygons
2026-03-24 19:38:30 +0100: Memory Usage (433052K) : metal1_pin has 328 polygons
2026-03-24 19:38:30 +0100: Memory Usage (433052K) : metal1_mask has 0 polygons
2026-03-24 19:38:30 +0100: Memory Usage (433052K) : metal1_filler has 0 polygons
2026-03-24 19:38:30 +0100: Memory Usage (433180K) : metal1_nofill has 0 polygons
2026-03-24 19:38:30 +0100: Memory Usage (433180K) : metal1_slit has 0 polygons
2026-03-24 19:38:30 +0100: Memory Usage (433308K) : metal1_text has 0 polygons
2026-03-24 19:38:30 +0100: Memory Usage (433308K) : metal1_opc has 0 polygons
2026-03-24 19:38:30 +0100: Memory Usage (433436K) : metal1_noqrc has 0 polygons
2026-03-24 19:38:30 +0100: Memory Usage (433436K) : metal1_res has 0 polygons
2026-03-24 19:38:30 +0100: Memory Usage (433564K) : metal1_iprobe has 0 polygons
2026-03-24 19:38:30 +0100: Memory Usage (433564K) : metal1_diffprb has 0 polygons
2026-03-24 19:38:30 +0100: Memory Usage (433564K) : passiv_drw has 0 polygons
2026-03-24 19:38:30 +0100: Memory Usage (433692K) : passiv_pin has 0 polygons
2026-03-24 19:38:30 +0100: Memory Usage (433692K) : passiv_sbump has 0 polygons
2026-03-24 19:38:30 +0100: Memory Usage (433820K) : passiv_pillar has 0 polygons
2026-03-24 19:38:30 +0100: Memory Usage (433820K) : passiv_pdl has 0 polygons
2026-03-24 19:38:30 +0100: Memory Usage (433948K) : metal2_drw has 507 polygons
2026-03-24 19:38:30 +0100: Memory Usage (433948K) : metal2_pin has 0 polygons
2026-03-24 19:38:30 +0100: Memory Usage (433948K) : metal2_mask has 0 polygons
2026-03-24 19:38:30 +0100: Memory Usage (434076K) : metal2_filler has 0 polygons
2026-03-24 19:38:30 +0100: Memory Usage (434076K) : metal2_nofill has 0 polygons
2026-03-24 19:38:30 +0100: Memory Usage (434204K) : metal2_slit has 0 polygons
2026-03-24 19:38:30 +0100: Memory Usage (434204K) : metal2_text has 0 polygons
2026-03-24 19:38:30 +0100: Memory Usage (434204K) : metal2_opc has 0 polygons
2026-03-24 19:38:30 +0100: Memory Usage (434332K) : metal2_noqrc has 0 polygons
2026-03-24 19:38:30 +0100: Memory Usage (434332K) : metal2_res has 0 polygons
2026-03-24 19:38:30 +0100: Memory Usage (434332K) : metal2_iprobe has 0 polygons
2026-03-24 19:38:30 +0100: Memory Usage (434460K) : metal2_diffprb has 0 polygons
2026-03-24 19:38:30 +0100: Memory Usage (434460K) : baspoly_drw has 0 polygons
2026-03-24 19:38:30 +0100: Memory Usage (434588K) : baspoly_pin has 0 polygons
2026-03-24 19:38:30 +0100: Memory Usage (434588K) : psd_drw has 244 polygons
2026-03-24 19:38:30 +0100: Memory Usage (434588K) : nldb_drw has 0 polygons
2026-03-24 19:38:30 +0100: Memory Usage (434716K) : digibnd_drw has 0 polygons
2026-03-24 19:38:30 +0100: Memory Usage (434716K) : via1_drw has 269 polygons
2026-03-24 19:38:30 +0100: Memory Usage (434844K) : backmetal1_drw has 0 polygons
2026-03-24 19:38:30 +0100: Memory Usage (434844K) : backmetal1_pin has 0 polygons
2026-03-24 19:38:30 +0100: Memory Usage (434844K) : backmetal1_mask has 0 polygons
2026-03-24 19:38:30 +0100: Memory Usage (434972K) : backmetal1_filler has 0 polygons
2026-03-24 19:38:30 +0100: Memory Usage (434972K) : backmetal1_nofill has 0 polygons
2026-03-24 19:38:30 +0100: Memory Usage (435100K) : backmetal1_slit has 0 polygons
2026-03-24 19:38:30 +0100: Memory Usage (435100K) : backmetal1_text has 0 polygons
2026-03-24 19:38:30 +0100: Memory Usage (435100K) : backmetal1_opc has 0 polygons
2026-03-24 19:38:30 +0100: Memory Usage (435228K) : backmetal1_noqrc has 0 polygons
2026-03-24 19:38:30 +0100: Memory Usage (435228K) : backmetal1_res has 0 polygons
2026-03-24 19:38:30 +0100: Memory Usage (435356K) : backmetal1_iprobe has 0 polygons
2026-03-24 19:38:30 +0100: Memory Usage (435356K) : backmetal1_diffprb has 0 polygons
2026-03-24 19:38:30 +0100: Memory Usage (435356K) : backpassiv_drw has 0 polygons
2026-03-24 19:38:30 +0100: Memory Usage (435484K) : res_drw has 0 polygons
2026-03-24 19:38:30 +0100: Memory Usage (435484K) : sram_drw has 0 polygons
2026-03-24 19:38:30 +0100: Memory Usage (435484K) : trans_drw has 0 polygons
2026-03-24 19:38:30 +0100: Memory Usage (435612K) : ind_drw has 0 polygons
2026-03-24 19:38:30 +0100: Memory Usage (435612K) : ind_pin has 0 polygons
2026-03-24 19:38:30 +0100: Memory Usage (435612K) : ind_text has 0 polygons
2026-03-24 19:38:30 +0100: Memory Usage (435740K) : salblock_drw has 9 polygons
2026-03-24 19:38:30 +0100: Memory Usage (435740K) : via2_drw has 88 polygons
2026-03-24 19:38:30 +0100: Memory Usage (435868K) : metal3_drw has 174 polygons
2026-03-24 19:38:30 +0100: Memory Usage (435868K) : metal3_pin has 0 polygons
2026-03-24 19:38:30 +0100: Memory Usage (435868K) : metal3_mask has 0 polygons
2026-03-24 19:38:30 +0100: Memory Usage (435996K) : metal3_filler has 0 polygons
2026-03-24 19:38:30 +0100: Memory Usage (435996K) : metal3_nofill has 0 polygons
2026-03-24 19:38:30 +0100: Memory Usage (436124K) : metal3_slit has 0 polygons
2026-03-24 19:38:30 +0100: Memory Usage (436124K) : metal3_text has 0 polygons
2026-03-24 19:38:30 +0100: Memory Usage (436124K) : metal3_opc has 0 polygons
2026-03-24 19:38:30 +0100: Memory Usage (436252K) : metal3_noqrc has 0 polygons
2026-03-24 19:38:30 +0100: Memory Usage (436252K) : metal3_res has 0 polygons
2026-03-24 19:38:30 +0100: Memory Usage (436380K) : metal3_iprobe has 0 polygons
2026-03-24 19:38:30 +0100: Memory Usage (436380K) : metal3_diffprb has 0 polygons
2026-03-24 19:38:30 +0100: Memory Usage (436380K) : nwell_drw has 209 polygons
2026-03-24 19:38:30 +0100: Memory Usage (436508K) : nwell_pin has 0 polygons
2026-03-24 19:38:30 +0100: Memory Usage (436508K) : nbulay_drw has 0 polygons
2026-03-24 19:38:30 +0100: Memory Usage (436636K) : nbulay_pin has 0 polygons
2026-03-24 19:38:30 +0100: Memory Usage (436636K) : nbulay_block has 0 polygons
2026-03-24 19:38:30 +0100: Memory Usage (436636K) : emwind_drw has 0 polygons
2026-03-24 19:38:30 +0100: Memory Usage (436636K) : emwind_opc has 0 polygons
2026-03-24 19:38:30 +0100: Memory Usage (436764K) : deepco_drw has 0 polygons
2026-03-24 19:38:30 +0100: Memory Usage (436764K) : deepco_drw has 0 polygons
2026-03-24 19:38:30 +0100: Memory Usage (436892K) : mim_drw has 0 polygons
2026-03-24 19:38:30 +0100: Memory Usage (436892K) : edgeseal_drw has 0 polygons
2026-03-24 19:38:30 +0100: Memory Usage (436892K) : edgeseal_bound has 0 polygons
2026-03-24 19:38:30 +0100: Memory Usage (437020K) : substrate_drw has 169 polygons
2026-03-24 19:38:30 +0100: Memory Usage (437020K) : substrate_text has 0 polygons
2026-03-24 19:38:30 +0100: Memory Usage (437148K) : dfpad_drw has 0 polygons
2026-03-24 19:38:30 +0100: Memory Usage (437148K) : dfpad_pillar has 0 polygons
2026-03-24 19:38:30 +0100: Memory Usage (437148K) : dfpad_sbump has 0 polygons
2026-03-24 19:38:30 +0100: Memory Usage (437276K) : thickgateox_drw has 0 polygons
2026-03-24 19:38:30 +0100: Memory Usage (437276K) : pldb_drw has 0 polygons
2026-03-24 19:38:30 +0100: Memory Usage (437404K) : pwell_drw has 0 polygons
2026-03-24 19:38:30 +0100: Memory Usage (437404K) : pwell_pin has 0 polygons
2026-03-24 19:38:30 +0100: Memory Usage (437404K) : pwell_block has 0 polygons
2026-03-24 19:38:30 +0100: Memory Usage (437532K) : ic_drw has 0 polygons
2026-03-24 19:38:30 +0100: Memory Usage (437532K) : via3_drw has 22 polygons
2026-03-24 19:38:30 +0100: Memory Usage (437660K) : metal4_drw has 51 polygons
2026-03-24 19:38:30 +0100: Memory Usage (437660K) : metal4_pin has 0 polygons
2026-03-24 19:38:30 +0100: Memory Usage (437660K) : metal4_mask has 0 polygons
2026-03-24 19:38:30 +0100: Memory Usage (437788K) : metal4_filler has 0 polygons
2026-03-24 19:38:30 +0100: Memory Usage (437788K) : metal4_nofill has 0 polygons
2026-03-24 19:38:30 +0100: Memory Usage (437788K) : metal4_slit has 0 polygons
2026-03-24 19:38:30 +0100: Memory Usage (437916K) : metal4_text has 0 polygons
2026-03-24 19:38:30 +0100: Memory Usage (437916K) : metal4_opc has 0 polygons
2026-03-24 19:38:30 +0100: Memory Usage (437916K) : metal4_noqrc has 0 polygons
2026-03-24 19:38:30 +0100: Memory Usage (438044K) : metal4_res has 0 polygons
2026-03-24 19:38:30 +0100: Memory Usage (438044K) : metal4_iprobe has 0 polygons
2026-03-24 19:38:30 +0100: Memory Usage (438172K) : metal4_diffprb has 0 polygons
2026-03-24 19:38:30 +0100: Memory Usage (438172K) : heattrans_drw has 380 polygons
2026-03-24 19:38:30 +0100: Memory Usage (438172K) : heatres_drw has 9 polygons
2026-03-24 19:38:30 +0100: Memory Usage (438300K) : pempoly_drw has 0 polygons
2026-03-24 19:38:30 +0100: Memory Usage (438300K) : fbe_drw has 0 polygons
2026-03-24 19:38:30 +0100: Memory Usage (438428K) : empoly_drw has 0 polygons
2026-03-24 19:38:30 +0100: Memory Usage (438428K) : ldmos_drw has 0 polygons
2026-03-24 19:38:30 +0100: Memory Usage (438556K) : pbiwind_drw has 0 polygons
2026-03-24 19:38:30 +0100: Memory Usage (438556K) : digisub_drw has 0 polygons
2026-03-24 19:38:30 +0100: Memory Usage (438556K) : nodrc_drw has 0 polygons
2026-03-24 19:38:30 +0100: Memory Usage (438812K) : text_drw has 361 polygons
2026-03-24 19:38:30 +0100: Memory Usage (438812K) : via4_drw has 0 polygons
2026-03-24 19:38:30 +0100: Memory Usage (438940K) : metal5_drw has 0 polygons
2026-03-24 19:38:30 +0100: Memory Usage (438940K) : metal5_pin has 0 polygons
2026-03-24 19:38:30 +0100: Memory Usage (438940K) : metal5_mask has 0 polygons
2026-03-24 19:38:30 +0100: Memory Usage (439068K) : metal5_filler has 0 polygons
2026-03-24 19:38:30 +0100: Memory Usage (439068K) : metal5_nofill has 0 polygons
2026-03-24 19:38:30 +0100: Memory Usage (439196K) : metal5_slit has 0 polygons
2026-03-24 19:38:30 +0100: Memory Usage (439196K) : metal5_text has 0 polygons
2026-03-24 19:38:30 +0100: Memory Usage (439196K) : metal5_opc has 0 polygons
2026-03-24 19:38:30 +0100: Memory Usage (439196K) : metal5_noqrc has 0 polygons
2026-03-24 19:38:30 +0100: Memory Usage (439196K) : metal5_res has 0 polygons
2026-03-24 19:38:30 +0100: Memory Usage (439324K) : metal5_iprobe has 0 polygons
2026-03-24 19:38:30 +0100: Memory Usage (439324K) : metal5_diffprb has 0 polygons
2026-03-24 19:38:30 +0100: Memory Usage (439452K) : radhard_drw has 0 polygons
2026-03-24 19:38:30 +0100: Memory Usage (439452K) : memcap_drw has 0 polygons
2026-03-24 19:38:30 +0100: Memory Usage (439452K) : varicap_drw has 0 polygons
2026-03-24 19:38:30 +0100: Memory Usage (439580K) : flash_drw has 0 polygons
2026-03-24 19:38:30 +0100: Memory Usage (439580K) : intbondvia_drw has 0 polygons
2026-03-24 19:38:30 +0100: Memory Usage (439708K) : intbondmet_drw has 0 polygons
2026-03-24 19:38:30 +0100: Memory Usage (439708K) : devbondvia_drw has 0 polygons
2026-03-24 19:38:30 +0100: Memory Usage (439836K) : devbondmet_drw has 0 polygons
2026-03-24 19:38:30 +0100: Memory Usage (439836K) : devtrench_drw has 0 polygons
2026-03-24 19:38:30 +0100: Memory Usage (439836K) : redist_drw has 0 polygons
2026-03-24 19:38:30 +0100: Memory Usage (439964K) : graphbot_drw has 0 polygons
2026-03-24 19:38:30 +0100: Memory Usage (439964K) : graphtop_drw has 0 polygons
2026-03-24 19:38:30 +0100: Memory Usage (440092K) : antvia1_drw has 0 polygons
2026-03-24 19:38:30 +0100: Memory Usage (440092K) : antmetal2_drw has 0 polygons
2026-03-24 19:38:30 +0100: Memory Usage (440092K) : graphcont_drw has 0 polygons
2026-03-24 19:38:30 +0100: Memory Usage (440220K) : siwg_drw has 0 polygons
2026-03-24 19:38:30 +0100: Memory Usage (440220K) : siwg_filler has 0 polygons
2026-03-24 19:38:30 +0100: Memory Usage (440348K) : siwg_nofill has 0 polygons
2026-03-24 19:38:30 +0100: Memory Usage (440348K) : sigrating_drw has 0 polygons
2026-03-24 19:38:30 +0100: Memory Usage (440476K) : singrating_drw has 0 polygons
2026-03-24 19:38:30 +0100: Memory Usage (440476K) : graphpas_drw has 0 polygons
2026-03-24 19:38:30 +0100: Memory Usage (440476K) : emwind3_drw has 0 polygons
2026-03-24 19:38:30 +0100: Memory Usage (440604K) : emwihv3_drw has 0 polygons
2026-03-24 19:38:30 +0100: Memory Usage (440604K) : redbulay_drw has 0 polygons
2026-03-24 19:38:30 +0100: Memory Usage (440732K) : smos_drw has 0 polygons
2026-03-24 19:38:30 +0100: Memory Usage (440732K) : graphpad_drw has 0 polygons
2026-03-24 19:38:30 +0100: Memory Usage (440732K) : polimide_drw has 0 polygons
2026-03-24 19:38:30 +0100: Memory Usage (440860K) : polimide_pin has 0 polygons
2026-03-24 19:38:30 +0100: Memory Usage (440860K) : recog_drw has 0 polygons
2026-03-24 19:38:30 +0100: Memory Usage (440988K) : recog_pin has 0 polygons
2026-03-24 19:38:30 +0100: Memory Usage (440988K) : recog_esd has 0 polygons
2026-03-24 19:38:30 +0100: Memory Usage (440988K) : recog_diode has 0 polygons
2026-03-24 19:38:30 +0100: Memory Usage (441116K) : recog_tsv has 0 polygons
2026-03-24 19:38:30 +0100: Memory Usage (441116K) : recog_iprobe has 0 polygons
2026-03-24 19:38:30 +0100: Memory Usage (441244K) : recog_diffprb has 0 polygons
2026-03-24 19:38:30 +0100: Memory Usage (441244K) : recog_pillar has 0 polygons
2026-03-24 19:38:30 +0100: Memory Usage (441244K) : recog_sbump has 0 polygons
2026-03-24 19:38:30 +0100: Memory Usage (441372K) : recog_otp has 0 polygons
2026-03-24 19:38:30 +0100: Memory Usage (441372K) : recog_pdiode has 0 polygons
2026-03-24 19:38:30 +0100: Memory Usage (441500K) : recog_mom has 0 polygons
2026-03-24 19:38:30 +0100: Memory Usage (441500K) : recog_pcm has 0 polygons
2026-03-24 19:38:30 +0100: Memory Usage (441628K) : colopen_drw has 0 polygons
2026-03-24 19:38:30 +0100: Memory Usage (441628K) : graphmetal1_drw has 0 polygons
2026-03-24 19:38:30 +0100: Memory Usage (441628K) : graphmetal1_filler has 0 polygons
2026-03-24 19:38:30 +0100: Memory Usage (441756K) : graphmetal1_nofill has 0 polygons
2026-03-24 19:38:30 +0100: Memory Usage (441756K) : graphmetal1_slit has 0 polygons
2026-03-24 19:38:30 +0100: Memory Usage (441884K) : graphmetal1_opc has 0 polygons
2026-03-24 19:38:30 +0100: Memory Usage (441884K) : graphmet1l_drw has 0 polygons
2026-03-24 19:38:30 +0100: Memory Usage (441884K) : graphmet1l_filler has 0 polygons
2026-03-24 19:38:30 +0100: Memory Usage (442012K) : graphmet1l_nofill has 0 polygons
2026-03-24 19:38:30 +0100: Memory Usage (442012K) : graphmet1l_slit has 0 polygons
2026-03-24 19:38:30 +0100: Memory Usage (442140K) : graphmet1l_opc has 0 polygons
2026-03-24 19:38:30 +0100: Memory Usage (442140K) : extblock_drw has 27 polygons
2026-03-24 19:38:30 +0100: Memory Usage (442140K) : nldd_drw has 0 polygons
2026-03-24 19:38:30 +0100: Memory Usage (442268K) : pldd_drw has 0 polygons
2026-03-24 19:38:30 +0100: Memory Usage (442268K) : next_drw has 0 polygons
2026-03-24 19:38:30 +0100: Memory Usage (442396K) : pext_drw has 0 polygons
2026-03-24 19:38:30 +0100: Memory Usage (442396K) : nexthv_drw has 0 polygons
2026-03-24 19:38:30 +0100: Memory Usage (442524K) : pexthv_drw has 0 polygons
2026-03-24 19:38:30 +0100: Memory Usage (442524K) : graphgate_drw has 0 polygons
2026-03-24 19:38:30 +0100: Memory Usage (442524K) : sinwg_drw has 0 polygons
2026-03-24 19:38:30 +0100: Memory Usage (442652K) : sinwg_filler has 0 polygons
2026-03-24 19:38:30 +0100: Memory Usage (442652K) : sinwg_nofill has 0 polygons
2026-03-24 19:38:30 +0100: Memory Usage (442780K) : mempad_drw has 0 polygons
2026-03-24 19:38:30 +0100: Memory Usage (442780K) : topvia1_drw has 0 polygons
2026-03-24 19:38:30 +0100: Memory Usage (442780K) : topmetal1_drw has 0 polygons
2026-03-24 19:38:30 +0100: Memory Usage (442908K) : topmetal1_pin has 0 polygons
2026-03-24 19:38:30 +0100: Memory Usage (442908K) : topmetal1_mask has 0 polygons
2026-03-24 19:38:30 +0100: Memory Usage (443036K) : topmetal1_filler has 0 polygons
2026-03-24 19:38:30 +0100: Memory Usage (443036K) : topmetal1_nofill has 0 polygons
2026-03-24 19:38:30 +0100: Memory Usage (443036K) : topmetal1_slit has 0 polygons
2026-03-24 19:38:30 +0100: Memory Usage (443164K) : topmetal1_text has 0 polygons
2026-03-24 19:38:30 +0100: Memory Usage (443164K) : topmetal1_noqrc has 0 polygons
2026-03-24 19:38:30 +0100: Memory Usage (443292K) : topmetal1_res has 0 polygons
2026-03-24 19:38:30 +0100: Memory Usage (443292K) : topmetal1_iprobe has 0 polygons
2026-03-24 19:38:30 +0100: Memory Usage (443420K) : topmetal1_diffprb has 0 polygons
2026-03-24 19:38:30 +0100: Memory Usage (443420K) : inldpwl_drw has 0 polygons
2026-03-24 19:38:30 +0100: Memory Usage (443420K) : polyres_drw has 9 polygons
2026-03-24 19:38:30 +0100: Memory Usage (443548K) : polyres_pin has 0 polygons
2026-03-24 19:38:30 +0100: Memory Usage (443548K) : vmim_drw has 0 polygons
2026-03-24 19:38:30 +0100: Memory Usage (443676K) : nbulaycut_drw has 0 polygons
2026-03-24 19:38:30 +0100: Memory Usage (443676K) : antmetal1_drw has 0 polygons
2026-03-24 19:38:30 +0100: Memory Usage (443676K) : topvia2_drw has 0 polygons
2026-03-24 19:38:30 +0100: Memory Usage (443804K) : topmetal2_drw has 0 polygons
2026-03-24 19:38:30 +0100: Memory Usage (443804K) : topmetal2_pin has 0 polygons
2026-03-24 19:38:30 +0100: Memory Usage (443932K) : topmetal2_mask has 0 polygons
2026-03-24 19:38:30 +0100: Memory Usage (443932K) : topmetal2_filler has 0 polygons
2026-03-24 19:38:30 +0100: Memory Usage (443932K) : topmetal2_nofill has 0 polygons
2026-03-24 19:38:30 +0100: Memory Usage (443932K) : topmetal2_slit has 0 polygons
2026-03-24 19:38:30 +0100: Memory Usage (443932K) : topmetal2_text has 0 polygons
2026-03-24 19:38:30 +0100: Memory Usage (443932K) : topmetal2_noqrc has 0 polygons
2026-03-24 19:38:30 +0100: Memory Usage (444060K) : topmetal2_res has 0 polygons
2026-03-24 19:38:30 +0100: Memory Usage (444060K) : topmetal2_iprobe has 0 polygons
2026-03-24 19:38:30 +0100: Memory Usage (444060K) : topmetal2_diffprb has 0 polygons
2026-03-24 19:38:30 +0100: Memory Usage (444060K) : snsring_drw has 0 polygons
2026-03-24 19:38:30 +0100: Memory Usage (444188K) : sensor_drw has 0 polygons
2026-03-24 19:38:30 +0100: Memory Usage (444188K) : snsarms_drw has 0 polygons
2026-03-24 19:38:30 +0100: Memory Usage (444316K) : snscmosvia_drw has 0 polygons
2026-03-24 19:38:30 +0100: Memory Usage (444316K) : colwind_drw has 0 polygons
2026-03-24 19:38:30 +0100: Memory Usage (444444K) : flm_drw has 0 polygons
2026-03-24 19:38:30 +0100: Memory Usage (444444K) : hafniumox_drw has 0 polygons
2026-03-24 19:38:30 +0100: Memory Usage (444444K) : memvia_drw has 0 polygons
2026-03-24 19:38:30 +0100: Memory Usage (444572K) : thinfilmres_drw has 0 polygons
2026-03-24 19:38:30 +0100: Memory Usage (444572K) : rfmem_drw has 0 polygons
2026-03-24 19:38:30 +0100: Memory Usage (444700K) : norcx_drw has 0 polygons
2026-03-24 19:38:30 +0100: Memory Usage (444700K) : norcx_m2m3 has 0 polygons
2026-03-24 19:38:30 +0100: Memory Usage (444700K) : norcx_m2m4 has 0 polygons
2026-03-24 19:38:30 +0100: Memory Usage (444828K) : norcx_m2m5 has 0 polygons
2026-03-24 19:38:30 +0100: Memory Usage (444828K) : norcx_m2tm1 has 0 polygons
2026-03-24 19:38:30 +0100: Memory Usage (444956K) : norcx_m2tm2 has 0 polygons
2026-03-24 19:38:30 +0100: Memory Usage (444956K) : norcx_m3m4 has 0 polygons
2026-03-24 19:38:30 +0100: Memory Usage (444956K) : norcx_m3m5 has 0 polygons
2026-03-24 19:38:30 +0100: Memory Usage (445084K) : norcx_m3tm1 has 0 polygons
2026-03-24 19:38:31 +0100: Memory Usage (445084K) : norcx_m3tm2 has 0 polygons
2026-03-24 19:38:31 +0100: Memory Usage (445084K) : norcx_m4m5 has 0 polygons
2026-03-24 19:38:31 +0100: Memory Usage (445212K) : norcx_m4tm1 has 0 polygons
2026-03-24 19:38:31 +0100: Memory Usage (445212K) : norcx_m4tm2 has 0 polygons
2026-03-24 19:38:31 +0100: Memory Usage (445340K) : norcx_m5tm1 has 0 polygons
2026-03-24 19:38:31 +0100: Memory Usage (445340K) : norcx_m5tm2 has 0 polygons
2026-03-24 19:38:31 +0100: Memory Usage (445468K) : norcx_tm1tm2 has 0 polygons
2026-03-24 19:38:31 +0100: Memory Usage (445468K) : norcx_m1sub has 0 polygons
2026-03-24 19:38:31 +0100: Memory Usage (445468K) : norcx_m2sub has 0 polygons
2026-03-24 19:38:31 +0100: Memory Usage (445596K) : norcx_m3sub has 0 polygons
2026-03-24 19:38:31 +0100: Memory Usage (445596K) : norcx_m4sub has 0 polygons
2026-03-24 19:38:31 +0100: Memory Usage (445724K) : norcx_m5sub has 0 polygons
2026-03-24 19:38:31 +0100: Memory Usage (445724K) : norcx_tm1sub has 0 polygons
2026-03-24 19:38:31 +0100: Memory Usage (445724K) : norcx_tm2sub has 0 polygons
2026-03-24 19:38:31 +0100: Memory Usage (445852K) : snsbotvia_drw has 0 polygons
2026-03-24 19:38:31 +0100: Memory Usage (445852K) : snstopvia_drw has 0 polygons
2026-03-24 19:38:31 +0100: Memory Usage (445980K) : deepvia_drw has 0 polygons
2026-03-24 19:38:31 +0100: Memory Usage (445980K) : fgetch_drw has 0 polygons
2026-03-24 19:38:31 +0100: Memory Usage (445980K) : ctrgat_drw has 0 polygons
2026-03-24 19:38:31 +0100: Memory Usage (446108K) : fgimp_drw has 0 polygons
2026-03-24 19:38:31 +0100: Memory Usage (446108K) : emwihv_drw has 0 polygons
2026-03-24 19:38:31 +0100: Memory Usage (446236K) : lbe_drw has 0 polygons
2026-03-24 19:38:31 +0100: Memory Usage (446236K) : alcustop_drw has 0 polygons
2026-03-24 19:38:31 +0100: Memory Usage (446236K) : nometfiller_drw has 0 polygons
2026-03-24 19:38:31 +0100: Memory Usage (446364K) : prboundary_drw has 0 polygons
2026-03-24 19:38:31 +0100: Memory Usage (446364K) : exchange0_drw has 0 polygons
2026-03-24 19:38:31 +0100: Memory Usage (446492K) : exchange0_pin has 0 polygons
2026-03-24 19:38:31 +0100: Memory Usage (446492K) : exchange0_text has 0 polygons
2026-03-24 19:38:31 +0100: Memory Usage (446492K) : exchange1_drw has 0 polygons
2026-03-24 19:38:31 +0100: Memory Usage (446620K) : exchange1_pin has 0 polygons
2026-03-24 19:38:31 +0100: Memory Usage (446620K) : exchange1_text has 0 polygons
2026-03-24 19:38:31 +0100: Memory Usage (446748K) : exchange2_drw has 0 polygons
2026-03-24 19:38:31 +0100: Memory Usage (446748K) : exchange2_pin has 0 polygons
2026-03-24 19:38:31 +0100: Memory Usage (446748K) : exchange2_text has 0 polygons
2026-03-24 19:38:31 +0100: Memory Usage (446876K) : exchange3_drw has 0 polygons
2026-03-24 19:38:31 +0100: Memory Usage (446876K) : exchange3_pin has 0 polygons
2026-03-24 19:38:31 +0100: Memory Usage (447004K) : exchange3_text has 0 polygons
2026-03-24 19:38:31 +0100: Memory Usage (447004K) : exchange4_drw has 0 polygons
2026-03-24 19:38:31 +0100: Memory Usage (447004K) : exchange4_pin has 0 polygons
2026-03-24 19:38:31 +0100: Memory Usage (447132K) : exchange4_text has 0 polygons
2026-03-24 19:38:31 +0100: Memory Usage (447132K) : isonwell_drw has 0 polygons
2026-03-24 19:38:31 +0100: Memory Usage (447132K) : Total no. of polygons in the design is 11870
2026-03-24 19:38:31 +0100: Memory Usage (447132K) : Loaded TECH DRC rules values from /opt/pdks/ihp-sg13g2/libs.tech/klayout/python/sg13g2_pycell_lib/sg13g2_tech_mod.json
2026-03-24 19:38:31 +0100: Memory Usage (447132K) : Loaded default DRC rules values from /opt/pdks/ihp-sg13g2/libs.tech/klayout/tech/drc/rule_decks/sg13g2_tech_default.json
2026-03-24 19:38:31 +0100: Memory Usage (447132K) : The following rules values were missing in tech json and default values were used:
2026-03-24 19:38:31 +0100: Memory Usage (447132K) :   - NW_f1_digibnd
2026-03-24 19:38:31 +0100: Memory Usage (447132K) :   - Cnt_c_digibnd
2026-03-24 19:38:31 +0100: Memory Usage (447132K) :   - Cnt_c_sram
2026-03-24 19:38:31 +0100: Memory Usage (447132K) :   - Sdiod_b
2026-03-24 19:38:31 +0100: Memory Usage (447132K) :   - Sdiod_c
2026-03-24 19:38:31 +0100: Memory Usage (448284K) : Total area of the design is 8191.7262 um^2.
2026-03-24 19:38:31 +0100: Memory Usage (448284K) : The design dimensions are 96.555 µm * 84.84 µm.
2026-03-24 19:38:31 +0100: Memory Usage (448284K) : Starting general IHP-SG13G2 derivations.
2026-03-24 19:38:31 +0100: Memory Usage (448284K) : Starting Pwell derivations
2026-03-24 19:38:31 +0100: Memory Usage (450588K) : Starting n-Activ derivations
2026-03-24 19:38:31 +0100: Memory Usage (451100K) : Starting p-Activ derivations
2026-03-24 19:38:31 +0100: Memory Usage (451100K) : Starting ptap derivations
2026-03-24 19:38:31 +0100: Memory Usage (451100K) : Starting ntap derivations
2026-03-24 19:38:31 +0100: Memory Usage (451228K) : Starting pact FET derivations
2026-03-24 19:38:31 +0100: Memory Usage (451228K) : Starting nact FET derivations
2026-03-24 19:38:31 +0100: Memory Usage (451484K) : Starting Gate derivations
2026-03-24 19:38:31 +0100: Memory Usage (451612K) : Starting cont/contbar general derivations
2026-03-24 19:38:31 +0100: Memory Usage (451740K) : Starting pad general derivations
2026-03-24 19:38:31 +0100: Memory Usage (451996K) : Starting schottky_nbl general derivations
2026-03-24 19:38:31 +0100: Memory Usage (452252K) : Starting SVaricap general derivations
2026-03-24 19:38:31 +0100: Memory Usage (452892K) : Starting HBT general derivations
2026-03-24 19:38:31 +0100: Memory Usage (453532K) : Starting IHP-SG13G2 DRC connectivity related derivations.
2026-03-24 19:38:31 +0100: Memory Usage (454556K) : Starting IHP-SG13G2 DRC connectivity setup
2026-03-24 19:38:31 +0100: Memory Usage (455196K) : Starting IHP-SG13G2 DRC rules.
2026-03-24 19:38:31 +0100: Memory Usage (455196K) : Running all FEOL rules
2026-03-24 19:38:31 +0100: Memory Usage (455196K) : Running all BEOL rules
2026-03-24 19:38:31 +0100: Memory Usage (455196K) : Running all PIN rules
2026-03-24 19:38:31 +0100: Memory Usage (455196K) : Running all FORBIDDEN rules
2026-03-24 19:38:31 +0100: Memory Usage (455196K) : Starting 5.1 NWell table
2026-03-24 19:38:31 +0100: Memory Usage (455196K) : Executing rule NW.b
2026-03-24 19:38:31 +0100: Memory Usage (455708K) : Executing rule NW.b1
2026-03-24 19:38:31 +0100: Memory Usage (456092K) : Executing rule NW.f1
2026-03-24 19:38:31 +0100: Memory Usage (456092K) : Executing rule NW.f1.digibnd
2026-03-24 19:38:31 +0100: Memory Usage (456092K) : Starting 5.2 PWell:block
2026-03-24 19:38:31 +0100: Memory Usage (456092K) : Executing rule PWB.e
2026-03-24 19:38:31 +0100: Memory Usage (456092K) : Executing rule PWB.e1
2026-03-24 19:38:31 +0100: Memory Usage (456092K) : Executing rule PWB.f
2026-03-24 19:38:31 +0100: Memory Usage (456092K) : Executing rule PWB.f1
2026-03-24 19:38:31 +0100: Memory Usage (456092K) : Starting 5.3 nBuLay table
2026-03-24 19:38:31 +0100: Memory Usage (456092K) : Executing rule NBL.b
2026-03-24 19:38:31 +0100: Memory Usage (456092K) : Executing rule NBL.c
2026-03-24 19:38:31 +0100: Memory Usage (456092K) : Executing rule NBL.d
2026-03-24 19:38:31 +0100: Memory Usage (456092K) : Executing rule NBL.e
2026-03-24 19:38:31 +0100: Memory Usage (456092K) : Executing rule NBL.f
2026-03-24 19:38:31 +0100: Memory Usage (456092K) : Starting 5.5. Activ table
2026-03-24 19:38:31 +0100: Memory Usage (456092K) : Executing rule Act.a
2026-03-24 19:38:31 +0100: Memory Usage (456092K) : Executing rule Act.b
2026-03-24 19:38:31 +0100: Memory Usage (456220K) : Starting 5.6 Activ:filler table
2026-03-24 19:38:31 +0100: Memory Usage (456348K) : Executing rule AFil.c1
2026-03-24 19:38:31 +0100: Memory Usage (456348K) : Executing rule AFil.c
2026-03-24 19:38:31 +0100: Memory Usage (456348K) : Executing rule AFil.d
2026-03-24 19:38:31 +0100: Memory Usage (456348K) : Executing rule AFil.e
2026-03-24 19:38:31 +0100: Memory Usage (456348K) : Executing rule AFil.j
2026-03-24 19:38:31 +0100: Memory Usage (456348K) : Starting 5.7. ThickGateOx table
2026-03-24 19:38:31 +0100: Memory Usage (456348K) : Executing rule TGO.f
2026-03-24 19:38:31 +0100: Memory Usage (456348K) : Starting 5.8. GatPoly table
2026-03-24 19:38:31 +0100: Memory Usage (456348K) : Executing rule Gat.a
2026-03-24 19:38:31 +0100: Memory Usage (456348K) : Executing rule Gat.b
2026-03-24 19:38:31 +0100: Memory Usage (456348K) : Executing rule Gat.d
2026-03-24 19:38:31 +0100: Memory Usage (456348K) : Executing rule Gat.a1
2026-03-24 19:38:31 +0100: Memory Usage (456732K) : Executing rule Gat.a2
2026-03-24 19:38:31 +0100: Memory Usage (456732K) : Executing rule Gat.g
2026-03-24 19:38:31 +0100: Memory Usage (456732K) : Starting 5.9 GatPoly:filler
2026-03-24 19:38:31 +0100: Memory Usage (456732K) : Executing rule GFil.d
2026-03-24 19:38:31 +0100: Memory Usage (456732K) : Executing rule GFil.e
2026-03-24 19:38:31 +0100: Memory Usage (456732K) : Executing rule GFil.i
2026-03-24 19:38:31 +0100: Memory Usage (456732K) : Starting 5.10 pSD table
2026-03-24 19:38:31 +0100: Memory Usage (456732K) : Executing rule pSD.c1
2026-03-24 19:38:31 +0100: Memory Usage (456732K) : Starting 5.14. Cont table
2026-03-24 19:38:31 +0100: Memory Usage (456732K) : Executing rule Cnt.a
2026-03-24 19:38:31 +0100: Memory Usage (456732K) : Executing rule Cnt.b
2026-03-24 19:38:31 +0100: Memory Usage (456732K) : Executing rule Cnt.c
2026-03-24 19:38:31 +0100: Memory Usage (456732K) : Executing rule Cnt.c.digibnd
2026-03-24 19:38:31 +0100: Memory Usage (456732K) : Executing rule Cnt.c.SRAM
2026-03-24 19:38:31 +0100: Memory Usage (456732K) : Executing rule Cnt.d
2026-03-24 19:38:31 +0100: Memory Usage (456732K) : Executing rule Cnt.e
2026-03-24 19:38:31 +0100: Memory Usage (456732K) : Executing rule Cnt.g1
2026-03-24 19:38:31 +0100: Memory Usage (456732K) : Executing rule Cnt.g2
2026-03-24 19:38:31 +0100: Memory Usage (456732K) : Starting 5.15. ContBar table
2026-03-24 19:38:31 +0100: Memory Usage (456732K) : Executing rule CntB.b1
2026-03-24 19:38:31 +0100: Memory Usage (456732K) : Executing rule CntB.h1
2026-03-24 19:38:31 +0100: Memory Usage (456732K) : Starting 6.1.3 NPN Substrate-Tie table
2026-03-24 19:38:31 +0100: Memory Usage (456732K) : Executing rule npn13G2.bR 
2026-03-24 19:38:31 +0100: Memory Usage (456732K) : Executing rule npn13G2L.cR 
2026-03-24 19:38:31 +0100: Memory Usage (456732K) : Executing rule npn13G2V.cR 
2026-03-24 19:38:31 +0100: Memory Usage (456732K) : Starting 6.7 Schottky diode table
2026-03-24 19:38:31 +0100: Memory Usage (456732K) : Executing rule Sdiod.b
2026-03-24 19:38:31 +0100: Memory Usage (456732K) : Executing rule Sdiod.c
2026-03-24 19:38:31 +0100: Memory Usage (456732K) : Executing rule Sdiod.d
2026-03-24 19:38:31 +0100: Memory Usage (456732K) : Executing rule Sdiod.e
2026-03-24 19:38:31 +0100: Memory Usage (456732K) : Starting 7.2 Latch-up table
2026-03-24 19:38:31 +0100: Memory Usage (456732K) : Executing rule LU.b
2026-03-24 19:38:31 +0100: Memory Usage (456732K) : Starting 5.16. Metal1 table
2026-03-24 19:38:31 +0100: Memory Usage (456732K) : Executing rule M1.a
2026-03-24 19:38:31 +0100: Memory Usage (456732K) : Executing rule M1.b
2026-03-24 19:38:31 +0100: Memory Usage (456860K) : Executing rule M1.e
2026-03-24 19:38:31 +0100: Memory Usage (456860K) : Executing rule M1.f
2026-03-24 19:38:31 +0100: Memory Usage (456860K) : Executing rule M1.g
2026-03-24 19:38:31 +0100: Memory Usage (456860K) : Executing rule M1.i
2026-03-24 19:38:31 +0100: Memory Usage (456988K) : Starting 5.17 Metaln table
2026-03-24 19:38:31 +0100: Memory Usage (456988K) : Executing rule M2.a
2026-03-24 19:38:31 +0100: Memory Usage (456988K) : Executing rule M2.b
2026-03-24 19:38:31 +0100: Memory Usage (456988K) : Executing rule M2.e
2026-03-24 19:38:31 +0100: Memory Usage (456988K) : Executing rule M2.f
2026-03-24 19:38:31 +0100: Memory Usage (456988K) : Executing rule M2.g
2026-03-24 19:38:31 +0100: Memory Usage (456988K) : Executing rule M2.i
2026-03-24 19:38:31 +0100: Memory Usage (456988K) : Executing rule M3.a
2026-03-24 19:38:31 +0100: Memory Usage (456988K) : Executing rule M3.b
2026-03-24 19:38:31 +0100: Memory Usage (456988K) : Executing rule M3.e
2026-03-24 19:38:31 +0100: Memory Usage (456988K) : Executing rule M3.f
2026-03-24 19:38:31 +0100: Memory Usage (456988K) : Executing rule M3.g
2026-03-24 19:38:31 +0100: Memory Usage (456988K) : Executing rule M3.i
2026-03-24 19:38:31 +0100: Memory Usage (456988K) : Executing rule M4.a
2026-03-24 19:38:31 +0100: Memory Usage (456988K) : Executing rule M4.b
2026-03-24 19:38:31 +0100: Memory Usage (456988K) : Executing rule M4.e
2026-03-24 19:38:31 +0100: Memory Usage (456988K) : Executing rule M4.f
2026-03-24 19:38:31 +0100: Memory Usage (456988K) : Executing rule M4.g
2026-03-24 19:38:31 +0100: Memory Usage (456988K) : Executing rule M4.i
2026-03-24 19:38:31 +0100: Memory Usage (456988K) : Executing rule M5.a
2026-03-24 19:38:31 +0100: Memory Usage (456988K) : Executing rule M5.b
2026-03-24 19:38:31 +0100: Memory Usage (456988K) : Executing rule M5.e
2026-03-24 19:38:31 +0100: Memory Usage (456988K) : Executing rule M5.f
2026-03-24 19:38:31 +0100: Memory Usage (456988K) : Executing rule M5.g
2026-03-24 19:38:31 +0100: Memory Usage (456988K) : Executing rule M5.i
2026-03-24 19:38:31 +0100: Memory Usage (456988K) : Starting 5.18 Metaln:filler table
2026-03-24 19:38:31 +0100: Memory Usage (456988K) : Executing rule M1Fil.c
2026-03-24 19:38:31 +0100: Memory Usage (456988K) : Executing rule M1Fil.a2
2026-03-24 19:38:31 +0100: Memory Usage (456988K) : Executing rule M2Fil.c
2026-03-24 19:38:31 +0100: Memory Usage (456988K) : Executing rule M2Fil.a2
2026-03-24 19:38:31 +0100: Memory Usage (456988K) : Executing rule M3Fil.c
2026-03-24 19:38:31 +0100: Memory Usage (456988K) : Executing rule M3Fil.a2
2026-03-24 19:38:31 +0100: Memory Usage (456988K) : Executing rule M4Fil.c
2026-03-24 19:38:31 +0100: Memory Usage (456988K) : Executing rule M4Fil.a2
2026-03-24 19:38:31 +0100: Memory Usage (456988K) : Executing rule M5Fil.c
2026-03-24 19:38:31 +0100: Memory Usage (456988K) : Executing rule M5Fil.a2
2026-03-24 19:38:31 +0100: Memory Usage (456988K) : Starting 5.19. Via1 table
2026-03-24 19:38:31 +0100: Memory Usage (456988K) : Starting 5.19. Via1 table derivations
2026-03-24 19:38:31 +0100: Memory Usage (456988K) : Executing rule V1.a
2026-03-24 19:38:31 +0100: Memory Usage (456988K) : Executing rule V1.b
2026-03-24 19:38:31 +0100: Memory Usage (456988K) : Executing rule V1.c
2026-03-24 19:38:31 +0100: Memory Usage (456988K) : Starting 5.20. Vian table
2026-03-24 19:38:31 +0100: Memory Usage (456988K) : Executing rule V2.a
2026-03-24 19:38:31 +0100: Memory Usage (456988K) : Executing rule V2.b
2026-03-24 19:38:31 +0100: Memory Usage (456988K) : Executing rule V2.c
2026-03-24 19:38:31 +0100: Memory Usage (456988K) : Executing rule V3.a
2026-03-24 19:38:31 +0100: Memory Usage (456988K) : Executing rule V3.b
2026-03-24 19:38:31 +0100: Memory Usage (456988K) : Executing rule V3.c
2026-03-24 19:38:31 +0100: Memory Usage (456988K) : Executing rule V4.a
2026-03-24 19:38:31 +0100: Memory Usage (456988K) : Executing rule V4.b
2026-03-24 19:38:31 +0100: Memory Usage (456988K) : Executing rule V4.c
2026-03-24 19:38:31 +0100: Memory Usage (456988K) : Starting 5.21. TopVia1 table
2026-03-24 19:38:31 +0100: Memory Usage (456988K) : Executing rule TV1.a
2026-03-24 19:38:31 +0100: Memory Usage (456988K) : Executing rule TV1.b
2026-03-24 19:38:31 +0100: Memory Usage (456988K) : Executing rule TV1.c
2026-03-24 19:38:31 +0100: Memory Usage (456988K) : Executing rule TV1.d
2026-03-24 19:38:31 +0100: Memory Usage (456988K) : Starting 5.22. TopMetal1 table
2026-03-24 19:38:31 +0100: Memory Usage (456988K) : Executing rule TM1.a
2026-03-24 19:38:31 +0100: Memory Usage (456988K) : Executing rule TM1.b
2026-03-24 19:38:31 +0100: Memory Usage (456988K) : Starting 5.23 TopMetal1:filler table
2026-03-24 19:38:31 +0100: Memory Usage (456988K) : Executing rule TM1Fil.c
2026-03-24 19:38:31 +0100: Memory Usage (456988K) : Executing rule TM1Fil.a1
2026-03-24 19:38:31 +0100: Memory Usage (456988K) : Starting 5.24. TopVia2 table
2026-03-24 19:38:31 +0100: Memory Usage (456988K) : Executing rule TV2.a
2026-03-24 19:38:31 +0100: Memory Usage (456988K) : Executing rule TV2.b
2026-03-24 19:38:31 +0100: Memory Usage (456988K) : Executing rule TV2.c
2026-03-24 19:38:31 +0100: Memory Usage (456988K) : Executing rule TV2.d
2026-03-24 19:38:31 +0100: Memory Usage (456988K) : Starting 5.25. TopMetal2 table
2026-03-24 19:38:31 +0100: Memory Usage (456988K) : Executing rule TM2.a
2026-03-24 19:38:31 +0100: Memory Usage (456988K) : Executing rule TM2.b
2026-03-24 19:38:31 +0100: Memory Usage (456988K) : Executing rule TM2.bR
2026-03-24 19:38:31 +0100: Memory Usage (456988K) : Starting 5.26 TopMetal2:filler table
2026-03-24 19:38:31 +0100: Memory Usage (456988K) : Executing rule TM2Fil.c
2026-03-24 19:38:31 +0100: Memory Usage (456988K) : Executing rule TM2Fil.a1
2026-03-24 19:38:32 +0100: Memory Usage (456988K) : Starting 5.27. Passiv table
2026-03-24 19:38:32 +0100: Memory Usage (456988K) : Executing rule Pas.a
2026-03-24 19:38:32 +0100: Memory Usage (456988K) : Executing rule Pas.b
2026-03-24 19:38:32 +0100: Memory Usage (456988K) : Executing rule Pas.c
2026-03-24 19:38:32 +0100: Memory Usage (456988K) : Starting 6.9.2 Copper Pillar table
2026-03-24 19:38:32 +0100: Memory Usage (456988K) : Executing rule Padc.a
2026-03-24 19:38:32 +0100: Memory Usage (456988K) : Executing rule Padc.b
2026-03-24 19:38:32 +0100: Memory Usage (456988K) : Executing rule Padc.c
2026-03-24 19:38:32 +0100: Memory Usage (456988K) : Executing rule Padb.f
2026-03-24 19:38:32 +0100: Memory Usage (456988K) : Starting 6.9 Pad table
2026-03-24 19:38:32 +0100: Memory Usage (456988K) : Executing rule Pad.m
2026-03-24 19:38:32 +0100: Memory Usage (456988K) : Executing rule Pad.fR_M1
2026-03-24 19:38:32 +0100: Memory Usage (456988K) : Executing rule Pad.fR_M2
2026-03-24 19:38:32 +0100: Memory Usage (456988K) : Executing rule Pad.fR_M3
2026-03-24 19:38:32 +0100: Memory Usage (456988K) : Executing rule Pad.fR_M4
2026-03-24 19:38:32 +0100: Memory Usage (456988K) : Executing rule Pad.fR_M5
2026-03-24 19:38:32 +0100: Memory Usage (456988K) : Executing rule Pad.fR_TM1
2026-03-24 19:38:32 +0100: Memory Usage (456988K) : Executing rule Pad.fR_TM2
2026-03-24 19:38:32 +0100: Memory Usage (456988K) : Executing rule Pad.i
2026-03-24 19:38:32 +0100: Memory Usage (456988K) : Starting 6.9.1 Solder Bump
2026-03-24 19:38:32 +0100: Memory Usage (456988K) : Executing rule Padb.a
2026-03-24 19:38:32 +0100: Memory Usage (456988K) : Executing rule Padb.b
2026-03-24 19:38:32 +0100: Memory Usage (456988K) : Executing rule Padb.c
2026-03-24 19:38:32 +0100: Memory Usage (456988K) : Executing rule Padb.f
2026-03-24 19:38:32 +0100: Memory Usage (456988K) : Executing rule Padb.d
2026-03-24 19:38:32 +0100: Memory Usage (456988K) : Starting 6.10 Sealring table
2026-03-24 19:38:32 +0100: Memory Usage (456988K) : Executing rule Seal.l
2026-03-24 19:38:32 +0100: Memory Usage (456988K) : Executing rule Seal.n
2026-03-24 19:38:32 +0100: Memory Usage (456988K) : Executing rule seal.b_metal1
2026-03-24 19:38:32 +0100: Memory Usage (456988K) : Executing rule seal.b_metal2
2026-03-24 19:38:32 +0100: Memory Usage (456988K) : Executing rule seal.b_metal3
2026-03-24 19:38:32 +0100: Memory Usage (456988K) : Executing rule seal.b_metal4
2026-03-24 19:38:32 +0100: Memory Usage (456988K) : Executing rule seal.b_metal5
2026-03-24 19:38:32 +0100: Memory Usage (456988K) : Executing rule seal.b_topmetal1
2026-03-24 19:38:32 +0100: Memory Usage (456988K) : Executing rule seal.b_topmetal2
2026-03-24 19:38:32 +0100: Memory Usage (456988K) : Executing rule seal.b_activ
2026-03-24 19:38:32 +0100: Memory Usage (456988K) : Executing rule seal.b_psd
2026-03-24 19:38:32 +0100: Memory Usage (456988K) : Executing rule Seal.k
2026-03-24 19:38:32 +0100: Memory Usage (456988K) : Executing rule Seal.m
2026-03-24 19:38:32 +0100: Memory Usage (456988K) : Starting 6.11 MIM table
2026-03-24 19:38:32 +0100: Memory Usage (456988K) : Executing rule MIM.c
2026-03-24 19:38:32 +0100: Memory Usage (456988K) : Executing rule MIM.d
2026-03-24 19:38:32 +0100: Memory Usage (456988K) : Executing rule MIM.gR
2026-03-24 19:38:32 +0100: Memory Usage (456988K) : Starting 7.3 Metal Slits table
2026-03-24 19:38:32 +0100: Memory Usage (456988K) : Executing rule Slt.e1_M1
2026-03-24 19:38:32 +0100: Memory Usage (456988K) : Executing rule Slt.e1_M2
2026-03-24 19:38:32 +0100: Memory Usage (456988K) : Executing rule Slt.e1_M3
2026-03-24 19:38:32 +0100: Memory Usage (456988K) : Executing rule Slt.e1_M4
2026-03-24 19:38:32 +0100: Memory Usage (456988K) : Executing rule Slt.e1_M5
2026-03-24 19:38:32 +0100: Memory Usage (457116K) : Executing rule Slt.e1_TM1
2026-03-24 19:38:32 +0100: Memory Usage (457244K) : Executing rule Slt.e1_TM2
2026-03-24 19:38:32 +0100: Memory Usage (457372K) : Starting 9.1. LBE table
2026-03-24 19:38:32 +0100: Memory Usage (457372K) : Executing rule LBE.a
2026-03-24 19:38:32 +0100: Memory Usage (457500K) : Executing rule LBE.b
2026-03-24 19:38:32 +0100: Memory Usage (457628K) : Executing rule LBE.b1
2026-03-24 19:38:32 +0100: Memory Usage (457756K) : Executing rule LBE.c
2026-03-24 19:38:32 +0100: Memory Usage (457756K) : Executing rule LBE.d
2026-03-24 19:38:32 +0100: Memory Usage (457884K) : Executing rule LBE.h
2026-03-24 19:38:32 +0100: Memory Usage (458012K) : Starting 7.4. PIN table
2026-03-24 19:38:32 +0100: Memory Usage (458012K) : Executing rule Pin.a
2026-03-24 19:38:32 +0100: Memory Usage (458140K) : Executing rule Pin.b
2026-03-24 19:38:32 +0100: Memory Usage (458268K) : Executing rule Pin.e
2026-03-24 19:38:32 +0100: Memory Usage (458396K) : Executing rule Pin.f_M2
2026-03-24 19:38:32 +0100: Memory Usage (458524K) : Executing rule Pin.f_M3
2026-03-24 19:38:32 +0100: Memory Usage (458652K) : Executing rule Pin.f_M4
2026-03-24 19:38:32 +0100: Memory Usage (458780K) : Executing rule Pin.f_M5
2026-03-24 19:38:32 +0100: Memory Usage (458908K) : Executing rule Pin.g
2026-03-24 19:38:32 +0100: Memory Usage (459036K) : Executing rule Pin.h
2026-03-24 19:38:32 +0100: Memory Usage (459292K) : Starting 3.1. offgrid table
2026-03-24 19:38:32 +0100: Memory Usage (459292K) : Executing rule activ_drw_Offgrid
2026-03-24 19:38:32 +0100: Memory Usage (459932K) : Executing rule activ_pin_Offgrid
2026-03-24 19:38:32 +0100: Memory Usage (460316K) : Executing rule activ_mask_Offgrid
2026-03-24 19:38:32 +0100: Memory Usage (460828K) : Executing rule activ_filler_Offgrid
2026-03-24 19:38:32 +0100: Memory Usage (461212K) : Executing rule activ_nofill_Offgrid
2026-03-24 19:38:32 +0100: Memory Usage (461724K) : Executing rule activ_opc_Offgrid
2026-03-24 19:38:32 +0100: Memory Usage (462236K) : Executing rule activ_iopc_Offgrid
2026-03-24 19:38:32 +0100: Memory Usage (462748K) : Executing rule activ_noqrc_Offgrid
2026-03-24 19:38:32 +0100: Memory Usage (463260K) : Executing rule biwind_drw_Offgrid
2026-03-24 19:38:32 +0100: Memory Usage (463772K) : Executing rule biwind_opc_Offgrid
2026-03-24 19:38:32 +0100: Memory Usage (464156K) : Executing rule pemwind_drw_Offgrid
2026-03-24 19:38:32 +0100: Memory Usage (464668K) : Executing rule gatpoly_drw_Offgrid
2026-03-24 19:38:32 +0100: Memory Usage (464796K) : Executing rule gatpoly_pin_Offgrid
2026-03-24 19:38:32 +0100: Memory Usage (465180K) : Executing rule gatpoly_filler_Offgrid
2026-03-24 19:38:32 +0100: Memory Usage (465692K) : Executing rule gatpoly_nofill_Offgrid
2026-03-24 19:38:32 +0100: Memory Usage (465948K) : Executing rule gatpoly_opc_Offgrid
2026-03-24 19:38:32 +0100: Memory Usage (465948K) : Executing rule gatpoly_iopc_Offgrid
2026-03-24 19:38:32 +0100: Memory Usage (465948K) : Executing rule gatpoly_noqrc_Offgrid
2026-03-24 19:38:32 +0100: Memory Usage (465948K) : Executing rule cont_drw_Offgrid
2026-03-24 19:38:32 +0100: Memory Usage (465948K) : Executing rule cont_opc_Offgrid
2026-03-24 19:38:32 +0100: Memory Usage (465948K) : Executing rule nsd_drw_Offgrid
2026-03-24 19:38:32 +0100: Memory Usage (465948K) : Executing rule nsd_block_Offgrid
2026-03-24 19:38:32 +0100: Memory Usage (465948K) : Executing rule metal1_drw_Offgrid
2026-03-24 19:38:32 +0100: Memory Usage (465948K) : Executing rule metal1_pin_Offgrid
2026-03-24 19:38:32 +0100: Memory Usage (465948K) : Executing rule metal1_mask_Offgrid
2026-03-24 19:38:32 +0100: Memory Usage (465948K) : Executing rule metal1_filler_Offgrid
2026-03-24 19:38:32 +0100: Memory Usage (465948K) : Executing rule metal1_nofill_Offgrid
2026-03-24 19:38:32 +0100: Memory Usage (465948K) : Executing rule metal1_slit_Offgrid
2026-03-24 19:38:32 +0100: Memory Usage (465948K) : Executing rule metal1_opc_Offgrid
2026-03-24 19:38:32 +0100: Memory Usage (465948K) : Executing rule metal1_noqrc_Offgrid
2026-03-24 19:38:32 +0100: Memory Usage (465948K) : Executing rule metal1_res_Offgrid
2026-03-24 19:38:32 +0100: Memory Usage (465948K) : Executing rule metal1_iprobe_Offgrid
2026-03-24 19:38:32 +0100: Memory Usage (465948K) : Executing rule metal1_diffprb_Offgrid
2026-03-24 19:38:32 +0100: Memory Usage (465948K) : Executing rule passiv_drw_Offgrid
2026-03-24 19:38:32 +0100: Memory Usage (465948K) : Executing rule passiv_pin_Offgrid
2026-03-24 19:38:32 +0100: Memory Usage (465948K) : Executing rule passiv_pillar_Offgrid
2026-03-24 19:38:32 +0100: Memory Usage (465948K) : Executing rule passiv_sbump_Offgrid
2026-03-24 19:38:32 +0100: Memory Usage (465948K) : Executing rule passiv_pdl_Offgrid
2026-03-24 19:38:32 +0100: Memory Usage (465948K) : Executing rule metal2_drw_Offgrid
2026-03-24 19:38:32 +0100: Memory Usage (465948K) : Executing rule metal2_pin_Offgrid
2026-03-24 19:38:32 +0100: Memory Usage (465948K) : Executing rule metal2_mask_Offgrid
2026-03-24 19:38:32 +0100: Memory Usage (465948K) : Executing rule metal2_filler_Offgrid
2026-03-24 19:38:32 +0100: Memory Usage (465948K) : Executing rule metal2_nofill_Offgrid
2026-03-24 19:38:32 +0100: Memory Usage (465948K) : Executing rule metal2_slit_Offgrid
2026-03-24 19:38:32 +0100: Memory Usage (465948K) : Executing rule metal2_opc_Offgrid
2026-03-24 19:38:32 +0100: Memory Usage (465948K) : Executing rule metal2_noqrc_Offgrid
2026-03-24 19:38:32 +0100: Memory Usage (465948K) : Executing rule metal2_res_Offgrid
2026-03-24 19:38:32 +0100: Memory Usage (465948K) : Executing rule metal2_iprobe_Offgrid
2026-03-24 19:38:32 +0100: Memory Usage (465948K) : Executing rule metal2_diffprb_Offgrid
2026-03-24 19:38:32 +0100: Memory Usage (465948K) : Executing rule baspoly_drw_Offgrid
2026-03-24 19:38:32 +0100: Memory Usage (465948K) : Executing rule baspoly_pin_Offgrid
2026-03-24 19:38:32 +0100: Memory Usage (465948K) : Executing rule psd_drw_Offgrid
2026-03-24 19:38:32 +0100: Memory Usage (465948K) : Executing rule nldb_drw_Offgrid
2026-03-24 19:38:32 +0100: Memory Usage (465948K) : Executing rule via1_drw_Offgrid
2026-03-24 19:38:32 +0100: Memory Usage (465948K) : Executing rule backmetal1_drw_Offgrid
2026-03-24 19:38:32 +0100: Memory Usage (465948K) : Executing rule backmetal1_pin_Offgrid
2026-03-24 19:38:32 +0100: Memory Usage (465948K) : Executing rule backmetal1_mask_Offgrid
2026-03-24 19:38:32 +0100: Memory Usage (465948K) : Executing rule backmetal1_filler_Offgrid
2026-03-24 19:38:32 +0100: Memory Usage (465948K) : Executing rule backmetal1_nofill_Offgrid
2026-03-24 19:38:32 +0100: Memory Usage (465948K) : Executing rule backmetal1_slit_Offgrid
2026-03-24 19:38:32 +0100: Memory Usage (465948K) : Executing rule backmetal1_opc_Offgrid
2026-03-24 19:38:32 +0100: Memory Usage (465948K) : Executing rule backmetal1_noqrc_Offgrid
2026-03-24 19:38:32 +0100: Memory Usage (465948K) : Executing rule backmetal1_res_Offgrid
2026-03-24 19:38:32 +0100: Memory Usage (465948K) : Executing rule backmetal1_iprobe_Offgrid
2026-03-24 19:38:32 +0100: Memory Usage (465948K) : Executing rule backmetal1_diffprb_Offgrid
2026-03-24 19:38:32 +0100: Memory Usage (465948K) : Executing rule backpassiv_drw_Offgrid
2026-03-24 19:38:32 +0100: Memory Usage (465948K) : Executing rule salblock_drw_Offgrid
2026-03-24 19:38:32 +0100: Memory Usage (465948K) : Executing rule via2_drw_Offgrid
2026-03-24 19:38:32 +0100: Memory Usage (465948K) : Executing rule metal3_drw_Offgrid
2026-03-24 19:38:32 +0100: Memory Usage (465948K) : Executing rule metal3_pin_Offgrid
2026-03-24 19:38:32 +0100: Memory Usage (465948K) : Executing rule metal3_mask_Offgrid
2026-03-24 19:38:32 +0100: Memory Usage (465948K) : Executing rule metal3_filler_Offgrid
2026-03-24 19:38:32 +0100: Memory Usage (465948K) : Executing rule metal3_nofill_Offgrid
2026-03-24 19:38:32 +0100: Memory Usage (465948K) : Executing rule metal3_slit_Offgrid
2026-03-24 19:38:32 +0100: Memory Usage (466076K) : Executing rule metal3_opc_Offgrid
2026-03-24 19:38:32 +0100: Memory Usage (466588K) : Executing rule metal3_noqrc_Offgrid
2026-03-24 19:38:32 +0100: Memory Usage (467100K) : Executing rule metal3_res_Offgrid
2026-03-24 19:38:32 +0100: Memory Usage (467612K) : Executing rule metal3_iprobe_Offgrid
2026-03-24 19:38:32 +0100: Memory Usage (468124K) : Executing rule metal3_diffprb_Offgrid
2026-03-24 19:38:32 +0100: Memory Usage (468636K) : Executing rule nwell_drw_Offgrid
2026-03-24 19:38:32 +0100: Memory Usage (469148K) : Executing rule nwell_pin_Offgrid
2026-03-24 19:38:32 +0100: Memory Usage (469148K) : Executing rule nbulay_drw_Offgrid
2026-03-24 19:38:32 +0100: Memory Usage (469148K) : Executing rule nbulay_pin_Offgrid
2026-03-24 19:38:32 +0100: Memory Usage (469148K) : Executing rule nbulay_block_Offgrid
2026-03-24 19:38:32 +0100: Memory Usage (469148K) : Executing rule pwell_drw_Offgrid
2026-03-24 19:38:32 +0100: Memory Usage (469148K) : Executing rule pwell_pin_Offgrid
2026-03-24 19:38:32 +0100: Memory Usage (469148K) : Executing rule pwell_block_Offgrid
2026-03-24 19:38:32 +0100: Memory Usage (469148K) : Executing rule emwind_drw_Offgrid
2026-03-24 19:38:32 +0100: Memory Usage (469148K) : Executing rule emwind_opc_Offgrid
2026-03-24 19:38:32 +0100: Memory Usage (469148K) : Executing rule deepco_drw_Offgrid
2026-03-24 19:38:32 +0100: Memory Usage (469148K) : Executing rule mim_drw_Offgrid
2026-03-24 19:38:32 +0100: Memory Usage (469148K) : Executing rule substrate_drw_Offgrid
2026-03-24 19:38:32 +0100: Memory Usage (469148K) : Executing rule ic_drw_Offgrid
2026-03-24 19:38:32 +0100: Memory Usage (469148K) : Executing rule via3_drw_Offgrid
2026-03-24 19:38:32 +0100: Memory Usage (469148K) : Executing rule pldb_drw_Offgrid
2026-03-24 19:38:32 +0100: Memory Usage (469148K) : Executing rule metal4_drw_Offgrid
2026-03-24 19:38:32 +0100: Memory Usage (469148K) : Executing rule metal4_pin_Offgrid
2026-03-24 19:38:32 +0100: Memory Usage (469148K) : Executing rule metal4_mask_Offgrid
2026-03-24 19:38:32 +0100: Memory Usage (469148K) : Executing rule metal4_filler_Offgrid
2026-03-24 19:38:32 +0100: Memory Usage (469148K) : Executing rule metal4_nofill_Offgrid
2026-03-24 19:38:32 +0100: Memory Usage (469148K) : Executing rule metal4_slit_Offgrid
2026-03-24 19:38:32 +0100: Memory Usage (469148K) : Executing rule metal4_opc_Offgrid
2026-03-24 19:38:32 +0100: Memory Usage (469148K) : Executing rule metal4_noqrc_Offgrid
2026-03-24 19:38:32 +0100: Memory Usage (469148K) : Executing rule metal4_res_Offgrid
2026-03-24 19:38:32 +0100: Memory Usage (469148K) : Executing rule metal4_iprobe_Offgrid
2026-03-24 19:38:32 +0100: Memory Usage (469148K) : Executing rule metal4_diffprb_Offgrid
2026-03-24 19:38:32 +0100: Memory Usage (469148K) : Executing rule via4_drw_Offgrid
2026-03-24 19:38:32 +0100: Memory Usage (469148K) : Executing rule metal5_drw_Offgrid
2026-03-24 19:38:32 +0100: Memory Usage (469148K) : Executing rule metal5_pin_Offgrid
2026-03-24 19:38:32 +0100: Memory Usage (469148K) : Executing rule metal5_mask_Offgrid
2026-03-24 19:38:32 +0100: Memory Usage (469148K) : Executing rule metal5_filler_Offgrid
2026-03-24 19:38:32 +0100: Memory Usage (469148K) : Executing rule metal5_nofill_Offgrid
2026-03-24 19:38:32 +0100: Memory Usage (469148K) : Executing rule metal5_slit_Offgrid
2026-03-24 19:38:32 +0100: Memory Usage (469148K) : Executing rule metal5_opc_Offgrid
2026-03-24 19:38:32 +0100: Memory Usage (469148K) : Executing rule metal5_noqrc_Offgrid
2026-03-24 19:38:32 +0100: Memory Usage (469148K) : Executing rule metal5_res_Offgrid
2026-03-24 19:38:32 +0100: Memory Usage (469148K) : Executing rule metal5_iprobe_Offgrid
2026-03-24 19:38:32 +0100: Memory Usage (469148K) : Executing rule metal5_diffprb_Offgrid
2026-03-24 19:38:32 +0100: Memory Usage (469148K) : Executing rule prboundary_drw_Offgrid
2026-03-24 19:38:32 +0100: Memory Usage (469148K) : Executing rule exchange0_drw_Offgrid
2026-03-24 19:38:32 +0100: Memory Usage (469148K) : Executing rule exchange0_pin_Offgrid
2026-03-24 19:38:32 +0100: Memory Usage (469148K) : Executing rule exchange1_drw_Offgrid
2026-03-24 19:38:32 +0100: Memory Usage (469148K) : Executing rule exchange1_pin_Offgrid
2026-03-24 19:38:33 +0100: Memory Usage (469148K) : Executing rule exchange2_drw_Offgrid
2026-03-24 19:38:33 +0100: Memory Usage (469148K) : Executing rule exchange2_pin_Offgrid
2026-03-24 19:38:33 +0100: Memory Usage (469148K) : Executing rule exchange3_drw_Offgrid
2026-03-24 19:38:33 +0100: Memory Usage (469148K) : Executing rule exchange3_pin_Offgrid
2026-03-24 19:38:33 +0100: Memory Usage (469148K) : Executing rule exchange4_drw_Offgrid
2026-03-24 19:38:33 +0100: Memory Usage (469148K) : Executing rule exchange4_pin_Offgrid
2026-03-24 19:38:33 +0100: Memory Usage (469148K) : Executing rule isonwell_drw_Offgrid
2026-03-24 19:38:33 +0100: Memory Usage (469148K) : Executing rule thickgateox_drw_Offgrid
2026-03-24 19:38:33 +0100: Memory Usage (469148K) : Executing rule pempoly_drw_Offgrid
2026-03-24 19:38:33 +0100: Memory Usage (469148K) : Executing rule fbe_drw_Offgrid
2026-03-24 19:38:33 +0100: Memory Usage (469148K) : Executing rule empoly_drw_Offgrid
2026-03-24 19:38:33 +0100: Memory Usage (469148K) : Executing rule ldmos_drw_Offgrid
2026-03-24 19:38:33 +0100: Memory Usage (469148K) : Executing rule pbiwind_drw_Offgrid
2026-03-24 19:38:33 +0100: Memory Usage (469148K) : Executing rule colopen_drw_Offgrid
2026-03-24 19:38:33 +0100: Memory Usage (469148K) : Executing rule extblock_drw_Offgrid
2026-03-24 19:38:33 +0100: Memory Usage (469148K) : Executing rule nldd_drw_Offgrid
2026-03-24 19:38:33 +0100: Memory Usage (469148K) : Executing rule pldd_drw_Offgrid
2026-03-24 19:38:33 +0100: Memory Usage (469148K) : Executing rule next_drw_Offgrid
2026-03-24 19:38:33 +0100: Memory Usage (469148K) : Executing rule pext_drw_Offgrid
2026-03-24 19:38:33 +0100: Memory Usage (469148K) : Executing rule nexthv_drw_Offgrid
2026-03-24 19:38:33 +0100: Memory Usage (469148K) : Executing rule pexthv_drw_Offgrid
2026-03-24 19:38:33 +0100: Memory Usage (469148K) : Executing rule graphgate_drw_Offgrid
2026-03-24 19:38:33 +0100: Memory Usage (469148K) : Executing rule mempad_drw_Offgrid
2026-03-24 19:38:33 +0100: Memory Usage (469148K) : Executing rule topvia1_drw_Offgrid
2026-03-24 19:38:33 +0100: Memory Usage (469148K) : Executing rule topmetal1_drw_Offgrid
2026-03-24 19:38:33 +0100: Memory Usage (469148K) : Executing rule topmetal1_pin_Offgrid
2026-03-24 19:38:33 +0100: Memory Usage (469148K) : Executing rule topmetal1_mask_Offgrid
2026-03-24 19:38:33 +0100: Memory Usage (469148K) : Executing rule topmetal1_filler_Offgrid
2026-03-24 19:38:33 +0100: Memory Usage (469148K) : Executing rule topmetal1_nofill_Offgrid
2026-03-24 19:38:33 +0100: Memory Usage (469148K) : Executing rule topmetal1_slit_Offgrid
2026-03-24 19:38:33 +0100: Memory Usage (469148K) : Executing rule topmetal1_noqrc_Offgrid
2026-03-24 19:38:33 +0100: Memory Usage (469148K) : Executing rule topmetal1_res_Offgrid
2026-03-24 19:38:33 +0100: Memory Usage (469148K) : Executing rule topmetal1_iprobe_Offgrid
2026-03-24 19:38:33 +0100: Memory Usage (469148K) : Executing rule topmetal1_diffprb_Offgrid
2026-03-24 19:38:33 +0100: Memory Usage (469148K) : Executing rule inldpwl_drw_Offgrid
2026-03-24 19:38:33 +0100: Memory Usage (469148K) : Executing rule polyres_drw_Offgrid
2026-03-24 19:38:33 +0100: Memory Usage (469148K) : Executing rule polyres_pin_Offgrid
2026-03-24 19:38:33 +0100: Memory Usage (469148K) : Executing rule vmim_drw_Offgrid
2026-03-24 19:38:33 +0100: Memory Usage (469148K) : Executing rule nbulaycut_drw_Offgrid
2026-03-24 19:38:33 +0100: Memory Usage (469148K) : Executing rule antmetal1_drw_Offgrid
2026-03-24 19:38:33 +0100: Memory Usage (469148K) : Executing rule topvia2_drw_Offgrid
2026-03-24 19:38:33 +0100: Memory Usage (469148K) : Executing rule topmetal2_drw_Offgrid
2026-03-24 19:38:33 +0100: Memory Usage (469148K) : Executing rule topmetal2_pin_Offgrid
2026-03-24 19:38:33 +0100: Memory Usage (469148K) : Executing rule topmetal2_mask_Offgrid
2026-03-24 19:38:33 +0100: Memory Usage (469148K) : Executing rule topmetal2_filler_Offgrid
2026-03-24 19:38:33 +0100: Memory Usage (469148K) : Executing rule topmetal2_nofill_Offgrid
2026-03-24 19:38:33 +0100: Memory Usage (469148K) : Executing rule topmetal2_slit_Offgrid
2026-03-24 19:38:33 +0100: Memory Usage (469148K) : Executing rule topmetal2_noqrc_Offgrid
2026-03-24 19:38:33 +0100: Memory Usage (469148K) : Executing rule topmetal2_res_Offgrid
2026-03-24 19:38:33 +0100: Memory Usage (469148K) : Executing rule topmetal2_iprobe_Offgrid
2026-03-24 19:38:33 +0100: Memory Usage (469148K) : Executing rule topmetal2_diffprb_Offgrid
2026-03-24 19:38:33 +0100: Memory Usage (469148K) : Executing rule snsring_drw_Offgrid
2026-03-24 19:38:33 +0100: Memory Usage (469148K) : Executing rule sensor_drw_Offgrid
2026-03-24 19:38:33 +0100: Memory Usage (469148K) : Executing rule snsarms_drw_Offgrid
2026-03-24 19:38:33 +0100: Memory Usage (469148K) : Executing rule snscmosvia_drw_Offgrid
2026-03-24 19:38:33 +0100: Memory Usage (469148K) : Executing rule colwind_drw_Offgrid
2026-03-24 19:38:33 +0100: Memory Usage (469148K) : Executing rule flm_drw_Offgrid
2026-03-24 19:38:33 +0100: Memory Usage (469148K) : Executing rule hafniumox_drw_Offgrid
2026-03-24 19:38:33 +0100: Memory Usage (469148K) : Executing rule memvia_drw_Offgrid
2026-03-24 19:38:33 +0100: Memory Usage (469148K) : Executing rule thinfilmres_drw_Offgrid
2026-03-24 19:38:33 +0100: Memory Usage (469148K) : Executing rule rfmem_drw_Offgrid
2026-03-24 19:38:33 +0100: Memory Usage (469148K) : Executing rule snsbotvia_drw_Offgrid
2026-03-24 19:38:33 +0100: Memory Usage (469148K) : Executing rule snstopvia_drw_Offgrid
2026-03-24 19:38:33 +0100: Memory Usage (469148K) : Executing rule deepvia_drw_Offgrid
2026-03-24 19:38:33 +0100: Memory Usage (469148K) : Executing rule fgetch_drw_Offgrid
2026-03-24 19:38:33 +0100: Memory Usage (469148K) : Executing rule ctrgat_drw_Offgrid
2026-03-24 19:38:33 +0100: Memory Usage (469148K) : Executing rule fgimp_drw_Offgrid
2026-03-24 19:38:33 +0100: Memory Usage (469148K) : Executing rule emwihv_drw_Offgrid
2026-03-24 19:38:33 +0100: Memory Usage (469148K) : Executing rule lbe_drw_Offgrid
2026-03-24 19:38:33 +0100: Memory Usage (469148K) : Executing rule alcustop_drw_Offgrid
2026-03-24 19:38:33 +0100: Memory Usage (469148K) : Starting 3.2. angle table
2026-03-24 19:38:33 +0100: Memory Usage (469148K) : Executing rule activ_drw_Acute
2026-03-24 19:38:33 +0100: Memory Usage (469148K) : Executing rule activ_pin_Acute
2026-03-24 19:38:33 +0100: Memory Usage (469148K) : Executing rule activ_mask_Acute
2026-03-24 19:38:33 +0100: Memory Usage (469148K) : Executing rule activ_filler_Acute
2026-03-24 19:38:33 +0100: Memory Usage (469148K) : Executing rule activ_nofill_Acute
2026-03-24 19:38:33 +0100: Memory Usage (469148K) : Executing rule activ_opc_Acute
2026-03-24 19:38:33 +0100: Memory Usage (469148K) : Executing rule activ_iopc_Acute
2026-03-24 19:38:33 +0100: Memory Usage (469148K) : Executing rule activ_noqrc_Acute
2026-03-24 19:38:33 +0100: Memory Usage (469148K) : Executing rule biwind_drw_Acute
2026-03-24 19:38:33 +0100: Memory Usage (469148K) : Executing rule biwind_opc_Acute
2026-03-24 19:38:33 +0100: Memory Usage (469148K) : Executing rule pemwind_drw_Acute
2026-03-24 19:38:33 +0100: Memory Usage (469148K) : Executing rule gatpoly_drw_Acute
2026-03-24 19:38:33 +0100: Memory Usage (469148K) : Executing rule gatpoly_pin_Acute
2026-03-24 19:38:33 +0100: Memory Usage (469148K) : Executing rule gatpoly_filler_Acute
2026-03-24 19:38:33 +0100: Memory Usage (469148K) : Executing rule gatpoly_nofill_Acute
2026-03-24 19:38:33 +0100: Memory Usage (469148K) : Executing rule gatpoly_opc_Acute
2026-03-24 19:38:33 +0100: Memory Usage (469148K) : Executing rule gatpoly_iopc_Acute
2026-03-24 19:38:33 +0100: Memory Usage (469148K) : Executing rule gatpoly_noqrc_Acute
2026-03-24 19:38:33 +0100: Memory Usage (469148K) : Executing rule cont_drw_Acute
2026-03-24 19:38:33 +0100: Memory Usage (469148K) : Executing rule cont_opc_Acute
2026-03-24 19:38:33 +0100: Memory Usage (469148K) : Executing rule nsd_drw_Acute
2026-03-24 19:38:33 +0100: Memory Usage (469148K) : Executing rule nsd_block_Acute
2026-03-24 19:38:33 +0100: Memory Usage (469148K) : Executing rule metal1_drw_Acute
2026-03-24 19:38:33 +0100: Memory Usage (469148K) : Executing rule metal1_pin_Acute
2026-03-24 19:38:33 +0100: Memory Usage (469148K) : Executing rule metal1_mask_Acute
2026-03-24 19:38:33 +0100: Memory Usage (469148K) : Executing rule metal1_filler_Acute
2026-03-24 19:38:33 +0100: Memory Usage (469148K) : Executing rule metal1_nofill_Acute
2026-03-24 19:38:33 +0100: Memory Usage (469148K) : Executing rule metal1_slit_Acute
2026-03-24 19:38:33 +0100: Memory Usage (469148K) : Executing rule metal1_opc_Acute
2026-03-24 19:38:33 +0100: Memory Usage (469148K) : Executing rule metal1_noqrc_Acute
2026-03-24 19:38:33 +0100: Memory Usage (469148K) : Executing rule metal1_res_Acute
2026-03-24 19:38:33 +0100: Memory Usage (469148K) : Executing rule metal1_iprobe_Acute
2026-03-24 19:38:33 +0100: Memory Usage (469148K) : Executing rule metal1_diffprb_Acute
2026-03-24 19:38:33 +0100: Memory Usage (469148K) : Executing rule passiv_drw_Acute
2026-03-24 19:38:33 +0100: Memory Usage (469148K) : Executing rule passiv_pin_Acute
2026-03-24 19:38:33 +0100: Memory Usage (469148K) : Executing rule passiv_pillar_Acute
2026-03-24 19:38:33 +0100: Memory Usage (469148K) : Executing rule passiv_sbump_Acute
2026-03-24 19:38:33 +0100: Memory Usage (469148K) : Executing rule passiv_pdl_Acute
2026-03-24 19:38:33 +0100: Memory Usage (469148K) : Executing rule metal2_drw_Acute
2026-03-24 19:38:33 +0100: Memory Usage (469148K) : Executing rule metal2_pin_Acute
2026-03-24 19:38:33 +0100: Memory Usage (469148K) : Executing rule metal2_mask_Acute
2026-03-24 19:38:33 +0100: Memory Usage (469148K) : Executing rule metal2_filler_Acute
2026-03-24 19:38:33 +0100: Memory Usage (469148K) : Executing rule metal2_nofill_Acute
2026-03-24 19:38:33 +0100: Memory Usage (469148K) : Executing rule metal2_slit_Acute
2026-03-24 19:38:33 +0100: Memory Usage (469148K) : Executing rule metal2_opc_Acute
2026-03-24 19:38:33 +0100: Memory Usage (469148K) : Executing rule metal2_noqrc_Acute
2026-03-24 19:38:33 +0100: Memory Usage (469148K) : Executing rule metal2_res_Acute
2026-03-24 19:38:33 +0100: Memory Usage (469148K) : Executing rule metal2_iprobe_Acute
2026-03-24 19:38:33 +0100: Memory Usage (469148K) : Executing rule metal2_diffprb_Acute
2026-03-24 19:38:33 +0100: Memory Usage (469148K) : Executing rule baspoly_drw_Acute
2026-03-24 19:38:33 +0100: Memory Usage (469148K) : Executing rule baspoly_pin_Acute
2026-03-24 19:38:33 +0100: Memory Usage (469148K) : Executing rule psd_drw_Acute
2026-03-24 19:38:33 +0100: Memory Usage (469148K) : Executing rule nldb_drw_Acute
2026-03-24 19:38:33 +0100: Memory Usage (469148K) : Executing rule via1_drw_Acute
2026-03-24 19:38:33 +0100: Memory Usage (469148K) : Executing rule backmetal1_drw_Acute
2026-03-24 19:38:33 +0100: Memory Usage (469148K) : Executing rule backmetal1_pin_Acute
2026-03-24 19:38:33 +0100: Memory Usage (469148K) : Executing rule backmetal1_mask_Acute
2026-03-24 19:38:33 +0100: Memory Usage (469148K) : Executing rule backmetal1_filler_Acute
2026-03-24 19:38:33 +0100: Memory Usage (469148K) : Executing rule backmetal1_nofill_Acute
2026-03-24 19:38:33 +0100: Memory Usage (469148K) : Executing rule backmetal1_slit_Acute
2026-03-24 19:38:33 +0100: Memory Usage (469148K) : Executing rule backmetal1_opc_Acute
2026-03-24 19:38:33 +0100: Memory Usage (469148K) : Executing rule backmetal1_noqrc_Acute
2026-03-24 19:38:33 +0100: Memory Usage (469148K) : Executing rule backmetal1_res_Acute
2026-03-24 19:38:33 +0100: Memory Usage (469148K) : Executing rule backmetal1_iprobe_Acute
2026-03-24 19:38:33 +0100: Memory Usage (469148K) : Executing rule backmetal1_diffprb_Acute
2026-03-24 19:38:33 +0100: Memory Usage (469148K) : Executing rule backpassiv_drw_Acute
2026-03-24 19:38:33 +0100: Memory Usage (469148K) : Executing rule salblock_drw_Acute
2026-03-24 19:38:33 +0100: Memory Usage (469148K) : Executing rule via2_drw_Acute
2026-03-24 19:38:33 +0100: Memory Usage (469148K) : Executing rule metal3_drw_Acute
2026-03-24 19:38:33 +0100: Memory Usage (469148K) : Executing rule metal3_pin_Acute
2026-03-24 19:38:33 +0100: Memory Usage (469148K) : Executing rule metal3_mask_Acute
2026-03-24 19:38:33 +0100: Memory Usage (469148K) : Executing rule metal3_filler_Acute
2026-03-24 19:38:33 +0100: Memory Usage (469148K) : Executing rule metal3_nofill_Acute
2026-03-24 19:38:33 +0100: Memory Usage (469148K) : Executing rule metal3_slit_Acute
2026-03-24 19:38:33 +0100: Memory Usage (469148K) : Executing rule metal3_opc_Acute
2026-03-24 19:38:33 +0100: Memory Usage (469148K) : Executing rule metal3_noqrc_Acute
2026-03-24 19:38:33 +0100: Memory Usage (469148K) : Executing rule metal3_res_Acute
2026-03-24 19:38:33 +0100: Memory Usage (469148K) : Executing rule metal3_iprobe_Acute
2026-03-24 19:38:33 +0100: Memory Usage (469148K) : Executing rule metal3_diffprb_Acute
2026-03-24 19:38:33 +0100: Memory Usage (469148K) : Executing rule nwell_drw_Acute
2026-03-24 19:38:33 +0100: Memory Usage (469148K) : Executing rule nwell_pin_Acute
2026-03-24 19:38:33 +0100: Memory Usage (469148K) : Executing rule nbulay_drw_Acute
2026-03-24 19:38:33 +0100: Memory Usage (469148K) : Executing rule nbulay_pin_Acute
2026-03-24 19:38:34 +0100: Memory Usage (469148K) : Executing rule nbulay_block_Acute
2026-03-24 19:38:34 +0100: Memory Usage (469148K) : Executing rule pwell_drw_Acute
2026-03-24 19:38:34 +0100: Memory Usage (469148K) : Executing rule pwell_pin_Acute
2026-03-24 19:38:34 +0100: Memory Usage (469148K) : Executing rule pwell_block_Acute
2026-03-24 19:38:34 +0100: Memory Usage (469148K) : Executing rule emwind_drw_Acute
2026-03-24 19:38:34 +0100: Memory Usage (469148K) : Executing rule emwind_opc_Acute
2026-03-24 19:38:34 +0100: Memory Usage (469148K) : Executing rule deepco_drw_Acute
2026-03-24 19:38:34 +0100: Memory Usage (469148K) : Executing rule mim_drw_Acute
2026-03-24 19:38:34 +0100: Memory Usage (469148K) : Executing rule substrate_drw_Acute
2026-03-24 19:38:34 +0100: Memory Usage (469148K) : Executing rule ic_drw_Acute
2026-03-24 19:38:34 +0100: Memory Usage (469148K) : Executing rule via3_drw_Acute
2026-03-24 19:38:34 +0100: Memory Usage (469148K) : Executing rule pldb_drw_Acute
2026-03-24 19:38:34 +0100: Memory Usage (469148K) : Executing rule metal4_drw_Acute
2026-03-24 19:38:34 +0100: Memory Usage (469148K) : Executing rule metal4_pin_Acute
2026-03-24 19:38:34 +0100: Memory Usage (469148K) : Executing rule metal4_mask_Acute
2026-03-24 19:38:34 +0100: Memory Usage (469148K) : Executing rule metal4_filler_Acute
2026-03-24 19:38:34 +0100: Memory Usage (469148K) : Executing rule metal4_nofill_Acute
2026-03-24 19:38:34 +0100: Memory Usage (469148K) : Executing rule metal4_slit_Acute
2026-03-24 19:38:34 +0100: Memory Usage (469148K) : Executing rule metal4_opc_Acute
2026-03-24 19:38:34 +0100: Memory Usage (469148K) : Executing rule metal4_noqrc_Acute
2026-03-24 19:38:34 +0100: Memory Usage (469148K) : Executing rule metal4_res_Acute
2026-03-24 19:38:34 +0100: Memory Usage (469148K) : Executing rule metal4_iprobe_Acute
2026-03-24 19:38:34 +0100: Memory Usage (469148K) : Executing rule metal4_diffprb_Acute
2026-03-24 19:38:34 +0100: Memory Usage (469148K) : Executing rule via4_drw_Acute
2026-03-24 19:38:34 +0100: Memory Usage (469148K) : Executing rule metal5_drw_Acute
2026-03-24 19:38:34 +0100: Memory Usage (469148K) : Executing rule metal5_pin_Acute
2026-03-24 19:38:34 +0100: Memory Usage (469148K) : Executing rule metal5_mask_Acute
2026-03-24 19:38:34 +0100: Memory Usage (469148K) : Executing rule metal5_filler_Acute
2026-03-24 19:38:34 +0100: Memory Usage (469148K) : Executing rule metal5_nofill_Acute
2026-03-24 19:38:34 +0100: Memory Usage (469148K) : Executing rule metal5_slit_Acute
2026-03-24 19:38:34 +0100: Memory Usage (469148K) : Executing rule metal5_opc_Acute
2026-03-24 19:38:34 +0100: Memory Usage (469148K) : Executing rule metal5_noqrc_Acute
2026-03-24 19:38:34 +0100: Memory Usage (469148K) : Executing rule metal5_res_Acute
2026-03-24 19:38:34 +0100: Memory Usage (469148K) : Executing rule metal5_iprobe_Acute
2026-03-24 19:38:34 +0100: Memory Usage (469148K) : Executing rule metal5_diffprb_Acute
2026-03-24 19:38:34 +0100: Memory Usage (469148K) : Executing rule prboundary_drw_Acute
2026-03-24 19:38:34 +0100: Memory Usage (469148K) : Executing rule exchange0_drw_Acute
2026-03-24 19:38:34 +0100: Memory Usage (469148K) : Executing rule exchange0_pin_Acute
2026-03-24 19:38:34 +0100: Memory Usage (469148K) : Executing rule exchange1_drw_Acute
2026-03-24 19:38:34 +0100: Memory Usage (469148K) : Executing rule exchange1_pin_Acute
2026-03-24 19:38:34 +0100: Memory Usage (469148K) : Executing rule exchange2_drw_Acute
2026-03-24 19:38:34 +0100: Memory Usage (469148K) : Executing rule exchange2_pin_Acute
2026-03-24 19:38:34 +0100: Memory Usage (469148K) : Executing rule exchange3_drw_Acute
2026-03-24 19:38:34 +0100: Memory Usage (469148K) : Executing rule exchange3_pin_Acute
2026-03-24 19:38:34 +0100: Memory Usage (469148K) : Executing rule exchange4_drw_Acute
2026-03-24 19:38:34 +0100: Memory Usage (469148K) : Executing rule exchange4_pin_Acute
2026-03-24 19:38:34 +0100: Memory Usage (469148K) : Executing rule isonwell_drw_Acute
2026-03-24 19:38:34 +0100: Memory Usage (469148K) : Executing rule thickgateox_drw_Acute
2026-03-24 19:38:34 +0100: Memory Usage (469148K) : Executing rule pempoly_drw_Acute
2026-03-24 19:38:34 +0100: Memory Usage (469148K) : Executing rule fbe_drw_Acute
2026-03-24 19:38:34 +0100: Memory Usage (469148K) : Executing rule empoly_drw_Acute
2026-03-24 19:38:34 +0100: Memory Usage (469148K) : Executing rule ldmos_drw_Acute
2026-03-24 19:38:34 +0100: Memory Usage (469148K) : Executing rule pbiwind_drw_Acute
2026-03-24 19:38:34 +0100: Memory Usage (469148K) : Executing rule colopen_drw_Acute
2026-03-24 19:38:34 +0100: Memory Usage (469148K) : Executing rule extblock_drw_Acute
2026-03-24 19:38:34 +0100: Memory Usage (469148K) : Executing rule nldd_drw_Acute
2026-03-24 19:38:34 +0100: Memory Usage (469148K) : Executing rule pldd_drw_Acute
2026-03-24 19:38:34 +0100: Memory Usage (469148K) : Executing rule next_drw_Acute
2026-03-24 19:38:34 +0100: Memory Usage (469148K) : Executing rule pext_drw_Acute
2026-03-24 19:38:34 +0100: Memory Usage (469148K) : Executing rule nexthv_drw_Acute
2026-03-24 19:38:34 +0100: Memory Usage (469148K) : Executing rule pexthv_drw_Acute
2026-03-24 19:38:34 +0100: Memory Usage (469148K) : Executing rule graphgate_drw_Acute
2026-03-24 19:38:34 +0100: Memory Usage (469148K) : Executing rule mempad_drw_Acute
2026-03-24 19:38:34 +0100: Memory Usage (469148K) : Executing rule topvia1_drw_Acute
2026-03-24 19:38:34 +0100: Memory Usage (469148K) : Executing rule topmetal1_drw_Acute
2026-03-24 19:38:34 +0100: Memory Usage (469148K) : Executing rule topmetal1_pin_Acute
2026-03-24 19:38:34 +0100: Memory Usage (469148K) : Executing rule topmetal1_mask_Acute
2026-03-24 19:38:34 +0100: Memory Usage (469148K) : Executing rule topmetal1_filler_Acute
2026-03-24 19:38:34 +0100: Memory Usage (469148K) : Executing rule topmetal1_nofill_Acute
2026-03-24 19:38:34 +0100: Memory Usage (469148K) : Executing rule topmetal1_slit_Acute
2026-03-24 19:38:34 +0100: Memory Usage (469148K) : Executing rule topmetal1_noqrc_Acute
2026-03-24 19:38:34 +0100: Memory Usage (469148K) : Executing rule topmetal1_res_Acute
2026-03-24 19:38:34 +0100: Memory Usage (469148K) : Executing rule topmetal1_iprobe_Acute
2026-03-24 19:38:34 +0100: Memory Usage (469148K) : Executing rule topmetal1_diffprb_Acute
2026-03-24 19:38:34 +0100: Memory Usage (469148K) : Executing rule inldpwl_drw_Acute
2026-03-24 19:38:34 +0100: Memory Usage (469148K) : Executing rule polyres_drw_Acute
2026-03-24 19:38:34 +0100: Memory Usage (469148K) : Executing rule polyres_pin_Acute
2026-03-24 19:38:34 +0100: Memory Usage (469148K) : Executing rule vmim_drw_Acute
2026-03-24 19:38:34 +0100: Memory Usage (469148K) : Executing rule nbulaycut_drw_Acute
2026-03-24 19:38:34 +0100: Memory Usage (469148K) : Executing rule antmetal1_drw_Acute
2026-03-24 19:38:34 +0100: Memory Usage (469148K) : Executing rule topvia2_drw_Acute
2026-03-24 19:38:34 +0100: Memory Usage (469148K) : Executing rule topmetal2_drw_Acute
2026-03-24 19:38:34 +0100: Memory Usage (469148K) : Executing rule topmetal2_pin_Acute
2026-03-24 19:38:34 +0100: Memory Usage (469148K) : Executing rule topmetal2_mask_Acute
2026-03-24 19:38:34 +0100: Memory Usage (469148K) : Executing rule topmetal2_filler_Acute
2026-03-24 19:38:34 +0100: Memory Usage (469148K) : Executing rule topmetal2_nofill_Acute
2026-03-24 19:38:34 +0100: Memory Usage (469148K) : Executing rule topmetal2_slit_Acute
2026-03-24 19:38:34 +0100: Memory Usage (469148K) : Executing rule topmetal2_noqrc_Acute
2026-03-24 19:38:34 +0100: Memory Usage (469148K) : Executing rule topmetal2_res_Acute
2026-03-24 19:38:34 +0100: Memory Usage (469148K) : Executing rule topmetal2_iprobe_Acute
2026-03-24 19:38:34 +0100: Memory Usage (469148K) : Executing rule topmetal2_diffprb_Acute
2026-03-24 19:38:34 +0100: Memory Usage (469148K) : Executing rule snsring_drw_Acute
2026-03-24 19:38:34 +0100: Memory Usage (469148K) : Executing rule sensor_drw_Acute
2026-03-24 19:38:34 +0100: Memory Usage (469148K) : Executing rule snsarms_drw_Acute
2026-03-24 19:38:34 +0100: Memory Usage (469148K) : Executing rule snscmosvia_drw_Acute
2026-03-24 19:38:34 +0100: Memory Usage (469148K) : Executing rule colwind_drw_Acute
2026-03-24 19:38:34 +0100: Memory Usage (469148K) : Executing rule flm_drw_Acute
2026-03-24 19:38:34 +0100: Memory Usage (469148K) : Executing rule hafniumox_drw_Acute
2026-03-24 19:38:34 +0100: Memory Usage (469148K) : Executing rule memvia_drw_Acute
2026-03-24 19:38:34 +0100: Memory Usage (469148K) : Executing rule thinfilmres_drw_Acute
2026-03-24 19:38:34 +0100: Memory Usage (469148K) : Executing rule rfmem_drw_Acute
2026-03-24 19:38:34 +0100: Memory Usage (469148K) : Executing rule snsbotvia_drw_Acute
2026-03-24 19:38:34 +0100: Memory Usage (469148K) : Executing rule snstopvia_drw_Acute
2026-03-24 19:38:34 +0100: Memory Usage (469148K) : Executing rule deepvia_drw_Acute
2026-03-24 19:38:34 +0100: Memory Usage (469148K) : Executing rule fgetch_drw_Acute
2026-03-24 19:38:34 +0100: Memory Usage (469148K) : Executing rule ctrgat_drw_Acute
2026-03-24 19:38:34 +0100: Memory Usage (469148K) : Executing rule fgimp_drw_Acute
2026-03-24 19:38:34 +0100: Memory Usage (469148K) : Executing rule emwihv_drw_Acute
2026-03-24 19:38:34 +0100: Memory Usage (469148K) : Executing rule lbe_drw_Acute
2026-03-24 19:38:34 +0100: Memory Usage (469148K) : Executing rule alcustop_drw_Acute
2026-03-24 19:38:34 +0100: Memory Usage (469148K) : Executing rule cont_drw_Angle90
2026-03-24 19:38:34 +0100: Memory Usage (469404K) : Executing rule via1_drw_Angle90
2026-03-24 19:38:34 +0100: Memory Usage (469404K) : Executing rule via2_drw_Angle90
2026-03-24 19:38:34 +0100: Memory Usage (469404K) : Executing rule via3_drw_Angle90
2026-03-24 19:38:34 +0100: Memory Usage (469404K) : Executing rule via4_drw_Angle90
2026-03-24 19:38:34 +0100: Memory Usage (469404K) : Executing rule vmim_drw_Angle90
2026-03-24 19:38:34 +0100: Memory Usage (469404K) : Executing rule topvia1_drw_Angle90
2026-03-24 19:38:34 +0100: Memory Usage (469404K) : Executing rule topvia2_drw_Angle90
2026-03-24 19:38:34 +0100: Memory Usage (469404K) : Executing rule gatpoly_drw_Angle45
2026-03-24 19:38:34 +0100: Memory Usage (469404K) : Executing rule activ_drw_Angle45
2026-03-24 19:38:34 +0100: Memory Usage (469404K) : Executing rule metal1_drw_Angle45
2026-03-24 19:38:34 +0100: Memory Usage (470300K) : Executing rule metal2_drw_Angle45
2026-03-24 19:38:34 +0100: Memory Usage (470300K) : Executing rule metal3_drw_Angle45
2026-03-24 19:38:34 +0100: Memory Usage (470300K) : Executing rule metal4_drw_Angle45
2026-03-24 19:38:34 +0100: Memory Usage (470300K) : Executing rule metal5_drw_Angle45
2026-03-24 19:38:34 +0100: Memory Usage (470300K) : Executing rule topmetal1_drw_Angle45
2026-03-24 19:38:34 +0100: Memory Usage (470300K) : Executing rule topmetal2_drw_Angle45
2026-03-24 19:38:34 +0100: Memory Usage (470300K) : Starting 3.2. FORBIDDEN table
2026-03-24 19:38:34 +0100: Memory Usage (470300K) : Executing rule forbidden.biwind
2026-03-24 19:38:34 +0100: Memory Usage (470300K) : Executing rule forbidden.pemwind
2026-03-24 19:38:34 +0100: Memory Usage (470300K) : Executing rule forbidden.baspoly
2026-03-24 19:38:34 +0100: Memory Usage (470300K) : Executing rule forbidden.deepco
2026-03-24 19:38:34 +0100: Memory Usage (470300K) : Executing rule forbidden.pempoly
2026-03-24 19:38:34 +0100: Memory Usage (470300K) : Executing rule forbidden.empoly
2026-03-24 19:38:34 +0100: Memory Usage (470300K) : Executing rule forbidden.ldmos
2026-03-24 19:38:34 +0100: Memory Usage (470300K) : Executing rule forbidden.pbiwind
2026-03-24 19:38:34 +0100: Memory Usage (470300K) : Executing rule forbidden.nodrc
2026-03-24 19:38:34 +0100: Memory Usage (470300K) : Executing rule forbidden.flash
2026-03-24 19:38:34 +0100: Memory Usage (470300K) : Executing rule forbidden.colwind
2026-03-24 19:38:34 +0100: Memory Usage (470300K) : KLayout DRC run for tables 'main' completed in 4.25 seconds
