# Logfile created on 2026-03-24 19:47:08 +0100 by logger.rb/v1.4.3
2026-03-24 19:47:08 +0100: Memory Usage (429992K) : Starting running SG13G2 Klayout LVS runset on /home/designer/shared/Layouts/PWMADCSYM.gds
2026-03-24 19:47:08 +0100: Memory Usage (429992K) : Ruby Version for klayout: 3.0.2
2026-03-24 19:47:08 +0100: Memory Usage (431400K) : Loading database to memory is complete.
2026-03-24 19:47:08 +0100: Memory Usage (431400K) : SG13G2 Klayout LVS runset output at: /home/designer/shared/Layouts/lvs_run_PWMADCSYM_2026_03_24_19_47_06/PWMADCSYM.lvsdb
2026-03-24 19:47:08 +0100: Memory Usage (431400K) : Evaluate switches.
2026-03-24 19:47:08 +0100: Memory Usage (431400K) : Extracted netlist with net names: true
2026-03-24 19:47:08 +0100: Memory Usage (431400K) : Extracted netlist with comments in details: false
2026-03-24 19:47:08 +0100: Memory Usage (431400K) : Selected NET_ONLY option: false
2026-03-24 19:47:08 +0100: Memory Usage (431400K) : Selected LAYOUT_NETLIST option: (none)
2026-03-24 19:47:08 +0100: Memory Usage (431400K) : Selected IGNORE_TOP_PORTS_MISMATCH option: true
2026-03-24 19:47:08 +0100: Memory Usage (431400K) : Selected IMPLICIT_NETS option: (none)
2026-03-24 19:47:08 +0100: Memory Usage (431400K) : Selected TOP_LVL_PINS option: false
2026-03-24 19:47:08 +0100: Memory Usage (431400K) : Selected COMBINE DEVICES option: false
2026-03-24 19:47:08 +0100: Memory Usage (431400K) : Selected PURGE option: false
2026-03-24 19:47:08 +0100: Memory Usage (431400K) : Selected PURGE_NETS option: false
2026-03-24 19:47:08 +0100: Memory Usage (431400K) : Selected SIMPLIFY option: true
2026-03-24 19:47:08 +0100: Memory Usage (431400K) : Selected SERIES_RES option: true
2026-03-24 19:47:08 +0100: Memory Usage (431400K) : Selected PARALLEL_RES option: true
2026-03-24 19:47:08 +0100: Memory Usage (431400K) : flat  mode is enabled.
2026-03-24 19:47:08 +0100: Memory Usage (431528K) : Netlist file: /home/designer/shared/PWMADCSYM.spice
2026-03-24 19:47:08 +0100: Memory Usage (431528K) : LVS extracted netlist at: /home/designer/shared/Layouts/lvs_run_PWMADCSYM_2026_03_24_19_47_06/PWMADCSYM_extracted.cir
2026-03-24 19:47:08 +0100: Memory Usage (431528K) : Applying SRAM integration support.
2026-03-24 19:47:08 +0100: Memory Usage (431528K) : Starting SG13G2 LVS runset
2026-03-24 19:47:08 +0100: Memory Usage (431528K) : Read in polygons from layers.
2026-03-24 19:47:08 +0100: Memory Usage (432552K) : activ_drw has 259 polygons
2026-03-24 19:47:08 +0100: Memory Usage (432552K) : activ_filler has 0 polygons
2026-03-24 19:47:08 +0100: Memory Usage (432552K) : activ has 259 polygons
2026-03-24 19:47:08 +0100: Memory Usage (432552K) : activ_pin has 0 polygons
2026-03-24 19:47:08 +0100: Memory Usage (432552K) : activ_mask has 0 polygons
2026-03-24 19:47:08 +0100: Memory Usage (432552K) : activ_nofill has 0 polygons
2026-03-24 19:47:08 +0100: Memory Usage (432552K) : activ_OPC has 0 polygons
2026-03-24 19:47:08 +0100: Memory Usage (432552K) : activ_iOPC has 0 polygons
2026-03-24 19:47:08 +0100: Memory Usage (432552K) : activ_noqrc has 0 polygons
2026-03-24 19:47:08 +0100: Memory Usage (432552K) : biwind_drw has 0 polygons
2026-03-24 19:47:08 +0100: Memory Usage (432552K) : biwind_OPC has 0 polygons
2026-03-24 19:47:08 +0100: Memory Usage (432808K) : gatpoly_drw has 171 polygons
2026-03-24 19:47:08 +0100: Memory Usage (432808K) : gatpoly_filler has 0 polygons
2026-03-24 19:47:08 +0100: Memory Usage (432808K) : gatpoly has 171 polygons
2026-03-24 19:47:08 +0100: Memory Usage (432936K) : gatpoly_pin has 127 polygons
2026-03-24 19:47:08 +0100: Memory Usage (433064K) : gatpoly_nofill has 0 polygons
2026-03-24 19:47:08 +0100: Memory Usage (433192K) : gatpoly_OPC has 0 polygons
2026-03-24 19:47:08 +0100: Memory Usage (433320K) : gatpoly_iOPC has 0 polygons
2026-03-24 19:47:08 +0100: Memory Usage (433448K) : gatpoly_noqrc has 0 polygons
2026-03-24 19:47:08 +0100: Memory Usage (434216K) : cont_drw has 2461 polygons
2026-03-24 19:47:08 +0100: Memory Usage (434216K) : cont_OPC has 0 polygons
2026-03-24 19:47:08 +0100: Memory Usage (434216K) : nsd_drw has 0 polygons
2026-03-24 19:47:08 +0100: Memory Usage (434472K) : nsd_block has 0 polygons
2026-03-24 19:47:08 +0100: Memory Usage (434856K) : metal1_drw has 268 polygons
2026-03-24 19:47:08 +0100: Memory Usage (434856K) : metal1_filler has 0 polygons
2026-03-24 19:47:08 +0100: Memory Usage (434856K) : metal1_slit has 0 polygons
2026-03-24 19:47:08 +0100: Memory Usage (434856K) : metal1 has 268 polygons
2026-03-24 19:47:08 +0100: Memory Usage (434856K) : metal1_pin has 230 polygons
2026-03-24 19:47:08 +0100: Memory Usage (434856K) : metal1_mask has 0 polygons
2026-03-24 19:47:08 +0100: Memory Usage (434984K) : metal1_nofill has 0 polygons
2026-03-24 19:47:08 +0100: Memory Usage (435112K) : metal1_text has 0 polygons
2026-03-24 19:47:08 +0100: Memory Usage (435240K) : metal1_OPC has 0 polygons
2026-03-24 19:47:08 +0100: Memory Usage (435368K) : metal1_noqrc has 0 polygons
2026-03-24 19:47:08 +0100: Memory Usage (435496K) : metal1_res has 0 polygons
2026-03-24 19:47:08 +0100: Memory Usage (435624K) : metal1_iprobe has 0 polygons
2026-03-24 19:47:08 +0100: Memory Usage (435752K) : metal1_diffprb has 0 polygons
2026-03-24 19:47:08 +0100: Memory Usage (435880K) : passiv_drw has 0 polygons
2026-03-24 19:47:08 +0100: Memory Usage (436008K) : passiv_pin has 0 polygons
2026-03-24 19:47:08 +0100: Memory Usage (436008K) : passiv_sbump has 0 polygons
2026-03-24 19:47:08 +0100: Memory Usage (436264K) : passiv_pillar has 0 polygons
2026-03-24 19:47:08 +0100: Memory Usage (436392K) : passiv_pdl has 0 polygons
2026-03-24 19:47:08 +0100: Memory Usage (436520K) : metal2_drw has 126 polygons
2026-03-24 19:47:08 +0100: Memory Usage (436648K) : metal2_filler has 0 polygons
2026-03-24 19:47:08 +0100: Memory Usage (436776K) : metal2_slit has 0 polygons
2026-03-24 19:47:08 +0100: Memory Usage (436904K) : metal2 has 126 polygons
2026-03-24 19:47:08 +0100: Memory Usage (437032K) : metal2_pin has 0 polygons
2026-03-24 19:47:08 +0100: Memory Usage (437160K) : metal2_mask has 0 polygons
2026-03-24 19:47:08 +0100: Memory Usage (437288K) : metal2_nofill has 0 polygons
2026-03-24 19:47:08 +0100: Memory Usage (437288K) : metal2_text has 0 polygons
2026-03-24 19:47:08 +0100: Memory Usage (437416K) : metal2_OPC has 0 polygons
2026-03-24 19:47:08 +0100: Memory Usage (437544K) : metal2_noqrc has 0 polygons
2026-03-24 19:47:08 +0100: Memory Usage (437672K) : metal2_res has 0 polygons
2026-03-24 19:47:08 +0100: Memory Usage (437800K) : metal2_iprobe has 0 polygons
2026-03-24 19:47:08 +0100: Memory Usage (437928K) : metal2_diffprb has 0 polygons
2026-03-24 19:47:08 +0100: Memory Usage (438056K) : baspoly_drw has 0 polygons
2026-03-24 19:47:08 +0100: Memory Usage (438184K) : baspoly_pin has 0 polygons
2026-03-24 19:47:08 +0100: Memory Usage (438312K) : psd_drw has 141 polygons
2026-03-24 19:47:08 +0100: Memory Usage (438440K) : nldb_drw has 0 polygons
2026-03-24 19:47:08 +0100: Memory Usage (438568K) : digibnd_drw has 0 polygons
2026-03-24 19:47:08 +0100: Memory Usage (438696K) : via1_drw has 194 polygons
2026-03-24 19:47:08 +0100: Memory Usage (438824K) : backmetal1_drw has 0 polygons
2026-03-24 19:47:08 +0100: Memory Usage (438952K) : backmetal1_pin has 0 polygons
2026-03-24 19:47:08 +0100: Memory Usage (439080K) : backmetal1_mask has 0 polygons
2026-03-24 19:47:08 +0100: Memory Usage (439208K) : backmetal1_filler has 0 polygons
2026-03-24 19:47:08 +0100: Memory Usage (439336K) : backmetal1_nofill has 0 polygons
2026-03-24 19:47:08 +0100: Memory Usage (439464K) : backmetal1_slit has 0 polygons
2026-03-24 19:47:08 +0100: Memory Usage (439592K) : backmetal1_text has 0 polygons
2026-03-24 19:47:08 +0100: Memory Usage (439720K) : backmetal1_OPC has 0 polygons
2026-03-24 19:47:08 +0100: Memory Usage (439848K) : backmetal1_noqrc has 0 polygons
2026-03-24 19:47:08 +0100: Memory Usage (439848K) : backmetal1_res has 0 polygons
2026-03-24 19:47:08 +0100: Memory Usage (439976K) : backmetal1_iprobe has 0 polygons
2026-03-24 19:47:08 +0100: Memory Usage (440104K) : backmetal1_diffprb has 0 polygons
2026-03-24 19:47:08 +0100: Memory Usage (440232K) : backpassiv_drw has 0 polygons
2026-03-24 19:47:08 +0100: Memory Usage (440360K) : res_drw has 0 polygons
2026-03-24 19:47:08 +0100: Memory Usage (440488K) : sram_drw has 0 polygons
2026-03-24 19:47:08 +0100: Memory Usage (440616K) : trans_drw has 0 polygons
2026-03-24 19:47:08 +0100: Memory Usage (440744K) : ind_drw has 0 polygons
2026-03-24 19:47:08 +0100: Memory Usage (440872K) : ind_pin has 0 polygons
2026-03-24 19:47:08 +0100: Memory Usage (441000K) : ind_text has 0 polygons
2026-03-24 19:47:08 +0100: Memory Usage (441128K) : salblock_drw has 9 polygons
2026-03-24 19:47:08 +0100: Memory Usage (441256K) : via2_drw has 80 polygons
2026-03-24 19:47:08 +0100: Memory Usage (441384K) : metal3_drw has 39 polygons
2026-03-24 19:47:08 +0100: Memory Usage (441512K) : metal3_filler has 0 polygons
2026-03-24 19:47:08 +0100: Memory Usage (441640K) : metal3_slit has 0 polygons
2026-03-24 19:47:08 +0100: Memory Usage (441768K) : metal3 has 39 polygons
2026-03-24 19:47:08 +0100: Memory Usage (441896K) : metal3_pin has 0 polygons
2026-03-24 19:47:08 +0100: Memory Usage (442024K) : metal3_mask has 0 polygons
2026-03-24 19:47:08 +0100: Memory Usage (442152K) : metal3_nofill has 0 polygons
2026-03-24 19:47:08 +0100: Memory Usage (442152K) : metal3_text has 0 polygons
2026-03-24 19:47:08 +0100: Memory Usage (442280K) : metal3_OPC has 0 polygons
2026-03-24 19:47:08 +0100: Memory Usage (442408K) : metal3_noqrc has 0 polygons
2026-03-24 19:47:08 +0100: Memory Usage (442536K) : metal3_res has 0 polygons
2026-03-24 19:47:08 +0100: Memory Usage (442664K) : metal3_iprobe has 0 polygons
2026-03-24 19:47:08 +0100: Memory Usage (442792K) : metal3_diffprb has 0 polygons
2026-03-24 19:47:08 +0100: Memory Usage (442920K) : nwell_drw has 9 polygons
2026-03-24 19:47:08 +0100: Memory Usage (443048K) : nwell_pin has 0 polygons
2026-03-24 19:47:08 +0100: Memory Usage (443176K) : nwell_text has 0 polygons
2026-03-24 19:47:08 +0100: Memory Usage (443304K) : nbulay_drw has 0 polygons
2026-03-24 19:47:08 +0100: Memory Usage (443432K) : nbulay_pin has 0 polygons
2026-03-24 19:47:08 +0100: Memory Usage (443560K) : nbulay_block has 0 polygons
2026-03-24 19:47:08 +0100: Memory Usage (443688K) : emwind_drw has 0 polygons
2026-03-24 19:47:08 +0100: Memory Usage (443816K) : emwind_OPC has 0 polygons
2026-03-24 19:47:08 +0100: Memory Usage (443944K) : deepco_drw has 0 polygons
2026-03-24 19:47:08 +0100: Memory Usage (444072K) : mim_drw has 0 polygons
2026-03-24 19:47:08 +0100: Memory Usage (444200K) : edgeseal_drw has 0 polygons
2026-03-24 19:47:08 +0100: Memory Usage (444328K) : substrate_drw has 134 polygons
2026-03-24 19:47:08 +0100: Memory Usage (444456K) : substrate_text has 0 polygons
2026-03-24 19:47:08 +0100: Memory Usage (444584K) : dfpad_drw has 0 polygons
2026-03-24 19:47:08 +0100: Memory Usage (444712K) : dfpad_pillar has 0 polygons
2026-03-24 19:47:08 +0100: Memory Usage (444840K) : dfpad_sbump has 0 polygons
2026-03-24 19:47:08 +0100: Memory Usage (444968K) : thickgateox_drw has 0 polygons
2026-03-24 19:47:08 +0100: Memory Usage (445096K) : pldb_drw has 0 polygons
2026-03-24 19:47:08 +0100: Memory Usage (445224K) : pwell_drw has 0 polygons
2026-03-24 19:47:08 +0100: Memory Usage (445352K) : pwell_pin has 0 polygons
2026-03-24 19:47:08 +0100: Memory Usage (445480K) : pwell_block has 0 polygons
2026-03-24 19:47:08 +0100: Memory Usage (445608K) : ic_drw has 0 polygons
2026-03-24 19:47:08 +0100: Memory Usage (445736K) : via3_drw has 21 polygons
2026-03-24 19:47:08 +0100: Memory Usage (445864K) : metal4_drw has 9 polygons
2026-03-24 19:47:08 +0100: Memory Usage (445992K) : metal4_filler has 0 polygons
2026-03-24 19:47:08 +0100: Memory Usage (446120K) : metal4_slit has 0 polygons
2026-03-24 19:47:08 +0100: Memory Usage (446248K) : metal4 has 9 polygons
2026-03-24 19:47:08 +0100: Memory Usage (446376K) : metal4_pin has 0 polygons
2026-03-24 19:47:08 +0100: Memory Usage (446504K) : metal4_mask has 0 polygons
2026-03-24 19:47:08 +0100: Memory Usage (446632K) : metal4_nofill has 0 polygons
2026-03-24 19:47:08 +0100: Memory Usage (446760K) : metal4_text has 0 polygons
2026-03-24 19:47:08 +0100: Memory Usage (446888K) : metal4_OPC has 0 polygons
2026-03-24 19:47:08 +0100: Memory Usage (446888K) : metal4_noqrc has 0 polygons
2026-03-24 19:47:08 +0100: Memory Usage (446888K) : metal4_res has 0 polygons
2026-03-24 19:47:08 +0100: Memory Usage (447016K) : metal4_iprobe has 0 polygons
2026-03-24 19:47:08 +0100: Memory Usage (447144K) : metal4_diffprb has 0 polygons
2026-03-24 19:47:08 +0100: Memory Usage (447272K) : heattrans_drw has 289 polygons
2026-03-24 19:47:08 +0100: Memory Usage (447400K) : heatres_drw has 9 polygons
2026-03-24 19:47:08 +0100: Memory Usage (447528K) : fbe_drw has 0 polygons
2026-03-24 19:47:08 +0100: Memory Usage (447656K) : empoly_drw has 0 polygons
2026-03-24 19:47:08 +0100: Memory Usage (447784K) : digisub_drw has 0 polygons
2026-03-24 19:47:08 +0100: Memory Usage (447912K) : text_drw has 361 polygons
2026-03-24 19:47:08 +0100: Memory Usage (448040K) : via4_drw has 0 polygons
2026-03-24 19:47:08 +0100: Memory Usage (448168K) : metal5_drw has 0 polygons
2026-03-24 19:47:08 +0100: Memory Usage (448296K) : metal5_filler has 0 polygons
2026-03-24 19:47:08 +0100: Memory Usage (448424K) : metal5_slit has 0 polygons
2026-03-24 19:47:08 +0100: Memory Usage (448424K) : metal5 has 0 polygons
2026-03-24 19:47:08 +0100: Memory Usage (448552K) : metal5_pin has 0 polygons
2026-03-24 19:47:08 +0100: Memory Usage (448680K) : metal5_mask has 0 polygons
2026-03-24 19:47:08 +0100: Memory Usage (448808K) : metal5_nofill has 0 polygons
2026-03-24 19:47:08 +0100: Memory Usage (448808K) : metal5_text has 0 polygons
2026-03-24 19:47:08 +0100: Memory Usage (448936K) : metal5_OPC has 0 polygons
2026-03-24 19:47:08 +0100: Memory Usage (449064K) : metal5_noqrc has 0 polygons
2026-03-24 19:47:08 +0100: Memory Usage (449192K) : metal5_res has 0 polygons
2026-03-24 19:47:08 +0100: Memory Usage (449320K) : metal5_iprobe has 0 polygons
2026-03-24 19:47:08 +0100: Memory Usage (449448K) : metal5_diffprb has 0 polygons
2026-03-24 19:47:08 +0100: Memory Usage (449576K) : radhard_drw has 0 polygons
2026-03-24 19:47:08 +0100: Memory Usage (449704K) : memcap_drw has 0 polygons
2026-03-24 19:47:08 +0100: Memory Usage (449832K) : varicap_drw has 0 polygons
2026-03-24 19:47:08 +0100: Memory Usage (450088K) : intbondvia_drw has 0 polygons
2026-03-24 19:47:08 +0100: Memory Usage (450216K) : intbondmet_drw has 0 polygons
2026-03-24 19:47:08 +0100: Memory Usage (450344K) : devbondvia_drw has 0 polygons
2026-03-24 19:47:08 +0100: Memory Usage (450472K) : devbondmet_drw has 0 polygons
2026-03-24 19:47:08 +0100: Memory Usage (450600K) : devtrench_drw has 0 polygons
2026-03-24 19:47:08 +0100: Memory Usage (450728K) : redist_drw has 0 polygons
2026-03-24 19:47:08 +0100: Memory Usage (450856K) : graphbot_drw has 0 polygons
2026-03-24 19:47:08 +0100: Memory Usage (450984K) : graphtop_drw has 0 polygons
2026-03-24 19:47:08 +0100: Memory Usage (451112K) : antvia1_drw has 0 polygons
2026-03-24 19:47:08 +0100: Memory Usage (451240K) : antmetal2_drw has 0 polygons
2026-03-24 19:47:08 +0100: Memory Usage (451368K) : graphcont_drw has 0 polygons
2026-03-24 19:47:08 +0100: Memory Usage (451496K) : siwg_drw has 0 polygons
2026-03-24 19:47:08 +0100: Memory Usage (451624K) : siwg_filler has 0 polygons
2026-03-24 19:47:08 +0100: Memory Usage (451752K) : siwg_nofill has 0 polygons
2026-03-24 19:47:08 +0100: Memory Usage (451880K) : sigrating_drw has 0 polygons
2026-03-24 19:47:08 +0100: Memory Usage (452008K) : singrating_drw has 0 polygons
2026-03-24 19:47:08 +0100: Memory Usage (452136K) : graphpas_drw has 0 polygons
2026-03-24 19:47:08 +0100: Memory Usage (452264K) : emwind3_drw has 0 polygons
2026-03-24 19:47:08 +0100: Memory Usage (452392K) : emwihv3_drw has 0 polygons
2026-03-24 19:47:08 +0100: Memory Usage (452520K) : redbulay_drw has 0 polygons
2026-03-24 19:47:08 +0100: Memory Usage (452648K) : smos_drw has 0 polygons
2026-03-24 19:47:08 +0100: Memory Usage (452776K) : graphpad_drw has 0 polygons
2026-03-24 19:47:08 +0100: Memory Usage (452904K) : polimide_drw has 0 polygons
2026-03-24 19:47:08 +0100: Memory Usage (453032K) : polimide_pin has 0 polygons
2026-03-24 19:47:08 +0100: Memory Usage (453160K) : recog_drw has 0 polygons
2026-03-24 19:47:08 +0100: Memory Usage (453288K) : recog_pin has 0 polygons
2026-03-24 19:47:08 +0100: Memory Usage (453416K) : recog_esd has 0 polygons
2026-03-24 19:47:08 +0100: Memory Usage (453544K) : recog_diode has 0 polygons
2026-03-24 19:47:08 +0100: Memory Usage (453672K) : recog_tsv has 0 polygons
2026-03-24 19:47:08 +0100: Memory Usage (453800K) : recog_iprobe has 0 polygons
2026-03-24 19:47:08 +0100: Memory Usage (453928K) : recog_diffprb has 0 polygons
2026-03-24 19:47:08 +0100: Memory Usage (454056K) : recog_pillar has 0 polygons
2026-03-24 19:47:08 +0100: Memory Usage (454312K) : recog_sbump has 0 polygons
2026-03-24 19:47:08 +0100: Memory Usage (454440K) : recog_otp has 0 polygons
2026-03-24 19:47:08 +0100: Memory Usage (454568K) : recog_pdiode has 0 polygons
2026-03-24 19:47:08 +0100: Memory Usage (454696K) : recog_mom has 0 polygons
2026-03-24 19:47:08 +0100: Memory Usage (454824K) : recog_pcm has 0 polygons
2026-03-24 19:47:08 +0100: Memory Usage (454952K) : colopen_drw has 0 polygons
2026-03-24 19:47:08 +0100: Memory Usage (455080K) : graphmetal1_drw has 0 polygons
2026-03-24 19:47:08 +0100: Memory Usage (455208K) : graphmetal1_filler has 0 polygons
2026-03-24 19:47:08 +0100: Memory Usage (455336K) : graphmetal1_nofill has 0 polygons
2026-03-24 19:47:08 +0100: Memory Usage (455464K) : graphmetal1_slit has 0 polygons
2026-03-24 19:47:08 +0100: Memory Usage (455592K) : graphmetal1_OPC has 0 polygons
2026-03-24 19:47:08 +0100: Memory Usage (455720K) : graphmet1l_drw has 0 polygons
2026-03-24 19:47:08 +0100: Memory Usage (455848K) : graphmet1l_filler has 0 polygons
2026-03-24 19:47:08 +0100: Memory Usage (455976K) : graphmet1l_nofill has 0 polygons
2026-03-24 19:47:08 +0100: Memory Usage (456104K) : graphmet1l_slit has 0 polygons
2026-03-24 19:47:08 +0100: Memory Usage (456232K) : graphmet1l_OPC has 0 polygons
2026-03-24 19:47:08 +0100: Memory Usage (456360K) : extblock_drw has 9 polygons
2026-03-24 19:47:08 +0100: Memory Usage (456488K) : nldd_drw has 0 polygons
2026-03-24 19:47:08 +0100: Memory Usage (456616K) : pldd_drw has 0 polygons
2026-03-24 19:47:08 +0100: Memory Usage (456744K) : next_drw has 0 polygons
2026-03-24 19:47:08 +0100: Memory Usage (456872K) : pext_drw has 0 polygons
2026-03-24 19:47:08 +0100: Memory Usage (457000K) : nexthv_drw has 0 polygons
2026-03-24 19:47:08 +0100: Memory Usage (457128K) : pexthv_drw has 0 polygons
2026-03-24 19:47:08 +0100: Memory Usage (457256K) : graphgate_drw has 0 polygons
2026-03-24 19:47:08 +0100: Memory Usage (457384K) : sinwg_drw has 0 polygons
2026-03-24 19:47:08 +0100: Memory Usage (457512K) : sinwg_filler has 0 polygons
2026-03-24 19:47:08 +0100: Memory Usage (457640K) : sinwg_nofill has 0 polygons
2026-03-24 19:47:08 +0100: Memory Usage (457768K) : mempad_drw has 0 polygons
2026-03-24 19:47:08 +0100: Memory Usage (457896K) : topvia1_drw has 0 polygons
2026-03-24 19:47:08 +0100: Memory Usage (458024K) : topmetal1_drw has 0 polygons
2026-03-24 19:47:08 +0100: Memory Usage (458152K) : topmetal1_filler has 0 polygons
2026-03-24 19:47:08 +0100: Memory Usage (458280K) : topmetal1_slit has 0 polygons
2026-03-24 19:47:08 +0100: Memory Usage (458408K) : topmetal1 has 0 polygons
2026-03-24 19:47:08 +0100: Memory Usage (458536K) : topmetal1_pin has 0 polygons
2026-03-24 19:47:08 +0100: Memory Usage (458664K) : topmetal1_mask has 0 polygons
2026-03-24 19:47:08 +0100: Memory Usage (458792K) : topmetal1_nofill has 0 polygons
2026-03-24 19:47:08 +0100: Memory Usage (458920K) : topmetal1_text has 0 polygons
2026-03-24 19:47:08 +0100: Memory Usage (459048K) : topmetal1_noqrc has 0 polygons
2026-03-24 19:47:08 +0100: Memory Usage (459176K) : topmetal1_res has 0 polygons
2026-03-24 19:47:08 +0100: Memory Usage (459304K) : topmetal1_iprobe has 0 polygons
2026-03-24 19:47:08 +0100: Memory Usage (459432K) : topmetal1_diffprb has 0 polygons
2026-03-24 19:47:08 +0100: Memory Usage (459560K) : inldpwl_drw has 0 polygons
2026-03-24 19:47:08 +0100: Memory Usage (459688K) : polyres_drw has 9 polygons
2026-03-24 19:47:08 +0100: Memory Usage (459816K) : polyres_pin has 0 polygons
2026-03-24 19:47:08 +0100: Memory Usage (459944K) : vmim_drw has 0 polygons
2026-03-24 19:47:08 +0100: Memory Usage (460072K) : nbulaycut_drw has 0 polygons
2026-03-24 19:47:08 +0100: Memory Usage (460200K) : antmetal1_drw has 0 polygons
2026-03-24 19:47:08 +0100: Memory Usage (460328K) : topvia2_drw has 0 polygons
2026-03-24 19:47:08 +0100: Memory Usage (460456K) : topmetal2_drw has 0 polygons
2026-03-24 19:47:08 +0100: Memory Usage (460584K) : topmetal2_filler has 0 polygons
2026-03-24 19:47:08 +0100: Memory Usage (460712K) : topmetal2_slit has 0 polygons
2026-03-24 19:47:08 +0100: Memory Usage (460840K) : topmetal2 has 0 polygons
2026-03-24 19:47:08 +0100: Memory Usage (460968K) : topmetal2_pin has 0 polygons
2026-03-24 19:47:08 +0100: Memory Usage (461096K) : topmetal2_mask has 0 polygons
2026-03-24 19:47:08 +0100: Memory Usage (461224K) : topmetal2_nofill has 0 polygons
2026-03-24 19:47:08 +0100: Memory Usage (461352K) : topmetal2_text has 0 polygons
2026-03-24 19:47:08 +0100: Memory Usage (461480K) : topmetal2_noqrc has 0 polygons
2026-03-24 19:47:08 +0100: Memory Usage (461608K) : topmetal2_res has 0 polygons
2026-03-24 19:47:08 +0100: Memory Usage (461736K) : topmetal2_iprobe has 0 polygons
2026-03-24 19:47:08 +0100: Memory Usage (461864K) : topmetal2_diffprb has 0 polygons
2026-03-24 19:47:08 +0100: Memory Usage (461992K) : snsring_drw has 0 polygons
2026-03-24 19:47:08 +0100: Memory Usage (462120K) : sensor_drw has 0 polygons
2026-03-24 19:47:08 +0100: Memory Usage (462248K) : snsarms_drw has 0 polygons
2026-03-24 19:47:08 +0100: Memory Usage (462376K) : snscmosvia_drw has 0 polygons
2026-03-24 19:47:08 +0100: Memory Usage (462504K) : colwind_drw has 0 polygons
2026-03-24 19:47:08 +0100: Memory Usage (462632K) : flm_drw has 0 polygons
2026-03-24 19:47:08 +0100: Memory Usage (462760K) : hafniumox_drw has 0 polygons
2026-03-24 19:47:08 +0100: Memory Usage (462888K) : memvia_drw has 0 polygons
2026-03-24 19:47:08 +0100: Memory Usage (463016K) : thinfilmres_drw has 0 polygons
2026-03-24 19:47:08 +0100: Memory Usage (463144K) : rfmem_drw has 0 polygons
2026-03-24 19:47:08 +0100: Memory Usage (463272K) : norcx_drw has 0 polygons
2026-03-24 19:47:08 +0100: Memory Usage (463400K) : norcx_m2m3 has 0 polygons
2026-03-24 19:47:08 +0100: Memory Usage (462124K) : norcx_m2m4 has 0 polygons
2026-03-24 19:47:08 +0100: Memory Usage (462124K) : norcx_m2m5 has 0 polygons
2026-03-24 19:47:08 +0100: Memory Usage (462124K) : norcx_m2tm1 has 0 polygons
2026-03-24 19:47:08 +0100: Memory Usage (462124K) : norcx_m2tm2 has 0 polygons
2026-03-24 19:47:08 +0100: Memory Usage (462124K) : norcx_m3m4 has 0 polygons
2026-03-24 19:47:08 +0100: Memory Usage (462124K) : norcx_m3m5 has 0 polygons
2026-03-24 19:47:08 +0100: Memory Usage (462124K) : norcx_m3tm1 has 0 polygons
2026-03-24 19:47:08 +0100: Memory Usage (462124K) : norcx_m3tm2 has 0 polygons
2026-03-24 19:47:08 +0100: Memory Usage (462124K) : norcx_m4m5 has 0 polygons
2026-03-24 19:47:08 +0100: Memory Usage (462124K) : norcx_m4tm1 has 0 polygons
2026-03-24 19:47:08 +0100: Memory Usage (462124K) : norcx_m4tm2 has 0 polygons
2026-03-24 19:47:08 +0100: Memory Usage (462124K) : norcx_m5tm1 has 0 polygons
2026-03-24 19:47:08 +0100: Memory Usage (462124K) : norcx_m5tm2 has 0 polygons
2026-03-24 19:47:08 +0100: Memory Usage (462124K) : norcx_tm1tm2 has 0 polygons
2026-03-24 19:47:08 +0100: Memory Usage (462124K) : norcx_m1sub has 0 polygons
2026-03-24 19:47:08 +0100: Memory Usage (462124K) : norcx_m2sub has 0 polygons
2026-03-24 19:47:08 +0100: Memory Usage (462124K) : norcx_m3sub has 0 polygons
2026-03-24 19:47:08 +0100: Memory Usage (462124K) : norcx_m4sub has 0 polygons
2026-03-24 19:47:08 +0100: Memory Usage (462124K) : norcx_m5sub has 0 polygons
2026-03-24 19:47:08 +0100: Memory Usage (462124K) : norcx_tm1sub has 0 polygons
2026-03-24 19:47:08 +0100: Memory Usage (462124K) : norcx_tm2sub has 0 polygons
2026-03-24 19:47:08 +0100: Memory Usage (462124K) : snsbotvia_drw has 0 polygons
2026-03-24 19:47:08 +0100: Memory Usage (462124K) : snstopvia_drw has 0 polygons
2026-03-24 19:47:08 +0100: Memory Usage (462124K) : deepvia_drw has 0 polygons
2026-03-24 19:47:08 +0100: Memory Usage (462124K) : fgetch_drw has 0 polygons
2026-03-24 19:47:08 +0100: Memory Usage (462124K) : ctrgat_drw has 0 polygons
2026-03-24 19:47:08 +0100: Memory Usage (462124K) : fgimp_drw has 0 polygons
2026-03-24 19:47:08 +0100: Memory Usage (462124K) : emwihv_drw has 0 polygons
2026-03-24 19:47:08 +0100: Memory Usage (462124K) : lbe_drw has 0 polygons
2026-03-24 19:47:08 +0100: Memory Usage (462124K) : alcustop_drw has 0 polygons
2026-03-24 19:47:08 +0100: Memory Usage (462124K) : nometfiller_drw has 0 polygons
2026-03-24 19:47:08 +0100: Memory Usage (462124K) : prboundary_drw has 0 polygons
2026-03-24 19:47:08 +0100: Memory Usage (462124K) : exchange0_drw has 0 polygons
2026-03-24 19:47:08 +0100: Memory Usage (462124K) : exchange0_pin has 0 polygons
2026-03-24 19:47:08 +0100: Memory Usage (462124K) : exchange0_text has 0 polygons
2026-03-24 19:47:08 +0100: Memory Usage (462124K) : exchange1_drw has 0 polygons
2026-03-24 19:47:08 +0100: Memory Usage (462124K) : exchange1_pin has 0 polygons
2026-03-24 19:47:08 +0100: Memory Usage (462124K) : exchange1_text has 0 polygons
2026-03-24 19:47:08 +0100: Memory Usage (462124K) : exchange2_drw has 0 polygons
2026-03-24 19:47:08 +0100: Memory Usage (462124K) : exchange2_pin has 0 polygons
2026-03-24 19:47:08 +0100: Memory Usage (462124K) : exchange2_text has 0 polygons
2026-03-24 19:47:08 +0100: Memory Usage (462124K) : exchange3_drw has 0 polygons
2026-03-24 19:47:08 +0100: Memory Usage (462124K) : exchange3_pin has 0 polygons
2026-03-24 19:47:08 +0100: Memory Usage (462124K) : exchange3_text has 0 polygons
2026-03-24 19:47:08 +0100: Memory Usage (462124K) : exchange4_drw has 0 polygons
2026-03-24 19:47:08 +0100: Memory Usage (462124K) : exchange4_pin has 0 polygons
2026-03-24 19:47:08 +0100: Memory Usage (462124K) : exchange4_text has 0 polygons
2026-03-24 19:47:08 +0100: Memory Usage (462124K) : isonwell_drw has 0 polygons
2026-03-24 19:47:08 +0100: Memory Usage (462124K) : Total no. of polygons in the design is 4955
2026-03-24 19:47:08 +0100: Memory Usage (462124K) : Starting base layers derivations
2026-03-24 19:47:08 +0100: Memory Usage (462124K) : Starting general LVS derivations
2026-03-24 19:47:08 +0100: Memory Usage (463660K) : Starting MOSFET DERIVATIONS
2026-03-24 19:47:08 +0100: Memory Usage (463660K) : Starting NMOS DERIVATIONS
2026-03-24 19:47:08 +0100: Memory Usage (463660K) : Starting PMOS DERIVATIONS
2026-03-24 19:47:08 +0100: Memory Usage (463660K) : Starting RF-MOSFET DERIVATIONS
2026-03-24 19:47:08 +0100: Memory Usage (463660K) : Starting RF-NMOS DERIVATIONS
2026-03-24 19:47:08 +0100: Memory Usage (463660K) : Starting RF-PMOS DERIVATIONS
2026-03-24 19:47:08 +0100: Memory Usage (463660K) : Starting BJT DERIVATIONS
2026-03-24 19:47:08 +0100: Memory Usage (463660K) : Starting NPN-BJT DERIVATIONS
2026-03-24 19:47:08 +0100: Memory Usage (463660K) : Starting PNP-BJT DERIVATIONS
2026-03-24 19:47:08 +0100: Memory Usage (463660K) : Starting DIODE DERIVATIONS
2026-03-24 19:47:08 +0100: Memory Usage (463660K) : Starting RESISTOR DERIVATIONS
2026-03-24 19:47:08 +0100: Memory Usage (463660K) : Starting CAP DERIVATIONS
2026-03-24 19:47:09 +0100: Memory Usage (463660K) : Starting ESD DERIVATIONS
2026-03-24 19:47:09 +0100: Memory Usage (471852K) : Starting Inductor DERIVATIONS
2026-03-24 19:47:09 +0100: Memory Usage (471852K) : Starting Taps DERIVATIONS
2026-03-24 19:47:09 +0100: Memory Usage (471852K) : Starting SG13G2 LVS connectivity setup
2026-03-24 19:47:09 +0100: Memory Usage (471852K) : Starting SG13G2 LVS connectivity setup (Inter-layer)
2026-03-24 19:47:09 +0100: Memory Usage (472364K) : Starting SG13G2 LVS connectivity setup (Global)
2026-03-24 19:47:09 +0100: Memory Usage (472364K) : Starting LVS MOSFET CONNECTIONS
2026-03-24 19:47:09 +0100: Memory Usage (472364K) : Starting LVS RF-MOSFET CONNECTIONS
2026-03-24 19:47:09 +0100: Memory Usage (472364K) : Starting LVS BJT CONNECTIONS
2026-03-24 19:47:09 +0100: Memory Usage (472364K) : Starting LVS DIODE CONNECTIONS
2026-03-24 19:47:09 +0100: Memory Usage (472364K) : Starting RESISTOR CONNECTIONS
2026-03-24 19:47:09 +0100: Memory Usage (472364K) : Starting LVS CAP CONNECTIONS
2026-03-24 19:47:09 +0100: Memory Usage (472492K) : Starting ESD CONNECTIONS
2026-03-24 19:47:09 +0100: Memory Usage (472492K) : Starting Inductor CONNECTIONS
2026-03-24 19:47:09 +0100: Memory Usage (472492K) : Starting LVS Taps CONNECTIONS
2026-03-24 19:47:09 +0100: Memory Usage (472492K) : Starting SG13G2 LVS DEVICES EXTRACTION
2026-03-24 19:47:09 +0100: Memory Usage (472492K) : Starting MOSFET EXTRACTION
2026-03-24 19:47:09 +0100: Memory Usage (472492K) : Starting NMOS EXTRACTION
2026-03-24 19:47:09 +0100: Memory Usage (472492K) : Extraction of NMOS-LV transistor
2026-03-24 19:47:09 +0100: Memory Usage (472748K) : Extraction of NMOS-HV transistor
2026-03-24 19:47:09 +0100: Memory Usage (472748K) : Starting PMOS EXTRACTION
2026-03-24 19:47:09 +0100: Memory Usage (472748K) : Extraction of PMOS-LV transistor
2026-03-24 19:47:09 +0100: Memory Usage (472748K) : Extraction of PMOS-HV transistor
2026-03-24 19:47:09 +0100: Memory Usage (472748K) : Starting RF-MOSFET EXTRACTION
2026-03-24 19:47:09 +0100: Memory Usage (472748K) : Extraction of RF-NMOS-LV transistor
2026-03-24 19:47:09 +0100: Memory Usage (472748K) : Extraction of RF-NMOS-HV transistor
2026-03-24 19:47:09 +0100: Memory Usage (472748K) : Extraction of RF-PMOS-LV transistor
2026-03-24 19:47:09 +0100: Memory Usage (472748K) : Extraction of RF-PMOS-HV transistor
2026-03-24 19:47:09 +0100: Memory Usage (472748K) : Starting BJT EXTRACTION
2026-03-24 19:47:09 +0100: Memory Usage (472748K) : Starting NPN-BJT EXTRACTION
2026-03-24 19:47:09 +0100: Memory Usage (472748K) : Extraction of npn13G2 BJT transistor
2026-03-24 19:47:09 +0100: Memory Usage (472748K) : Extraction of npn13G2L BJT transistor
2026-03-24 19:47:09 +0100: Memory Usage (472748K) : Extraction of npn13G2V BJT transistor
2026-03-24 19:47:09 +0100: Memory Usage (472748K) : Starting PNP-BJT EXTRACTION
2026-03-24 19:47:09 +0100: Memory Usage (472748K) : Extracting pnpMPA BJT
2026-03-24 19:47:09 +0100: Memory Usage (472748K) : Starting DIODE EXTRACTION
2026-03-24 19:47:09 +0100: Memory Usage (472748K) : Extracting dantenna diode
2026-03-24 19:47:09 +0100: Memory Usage (472748K) : Extracting dpantenna diode
2026-03-24 19:47:09 +0100: Memory Usage (472748K) : Extracting schottky_nbl1 diode
2026-03-24 19:47:09 +0100: Memory Usage (472748K) : Extracting isolbox diode
2026-03-24 19:47:09 +0100: Memory Usage (472748K) : Starting RESISTOR EXTRACTION
2026-03-24 19:47:09 +0100: Memory Usage (472748K) : Extracting rsil resistor
2026-03-24 19:47:09 +0100: Memory Usage (472748K) : Extracting rppd resistor
2026-03-24 19:47:09 +0100: Memory Usage (473004K) : Extracting rhigh resistor
2026-03-24 19:47:09 +0100: Memory Usage (473004K) : Extracting res_metal1 resistor
2026-03-24 19:47:09 +0100: Memory Usage (473132K) : Extracting res_metal2 resistor
2026-03-24 19:47:09 +0100: Memory Usage (473132K) : Extracting res_metal3 resistor
2026-03-24 19:47:09 +0100: Memory Usage (473132K) : Extracting res_metal4 resistor
2026-03-24 19:47:09 +0100: Memory Usage (473132K) : Extracting res_metal5 resistor
2026-03-24 19:47:09 +0100: Memory Usage (473132K) : Extracting res_topmetal1 resistor
2026-03-24 19:47:09 +0100: Memory Usage (473132K) : Extracting res_topmetal2 resistor
2026-03-24 19:47:09 +0100: Memory Usage (473132K) : Starting CAP EXTRACTION
2026-03-24 19:47:09 +0100: Memory Usage (473132K) : Extracting cap_cmim device
2026-03-24 19:47:09 +0100: Memory Usage (473132K) : Extracting rfcmim device
2026-03-24 19:47:09 +0100: Memory Usage (473132K) : Extracting sg13_hv_svaricap varactor
2026-03-24 19:47:09 +0100: Memory Usage (473132K) : Starting ESD EXTRACTION
2026-03-24 19:47:09 +0100: Memory Usage (473132K) : Extracting diodevdd_2kv ESD device
2026-03-24 19:47:09 +0100: Memory Usage (473132K) : Extracting diodevdd_4kv ESD device
2026-03-24 19:47:09 +0100: Memory Usage (473132K) : Extracting diodevss_2kv ESD device
2026-03-24 19:47:09 +0100: Memory Usage (473132K) : Extracting diodevss_4kv ESD device
2026-03-24 19:47:09 +0100: Memory Usage (473132K) : Extracting idiodevdd_2kv ESD device
2026-03-24 19:47:09 +0100: Memory Usage (473132K) : Extracting idiodevdd_4kv ESD device
2026-03-24 19:47:09 +0100: Memory Usage (473132K) : Extracting idiodevss_2kv ESD device
2026-03-24 19:47:09 +0100: Memory Usage (473132K) : Extracting idiodevss_4kv ESD device
2026-03-24 19:47:09 +0100: Memory Usage (473132K) : Extracting nmoscl_2 ESD device
2026-03-24 19:47:09 +0100: Memory Usage (473132K) : Extracting nmoscl_4 ESD device
2026-03-24 19:47:09 +0100: Memory Usage (473132K) : Starting Inductor EXTRACTION
2026-03-24 19:47:09 +0100: Memory Usage (473132K) : Extracting Inductor2 device
2026-03-24 19:47:09 +0100: Memory Usage (473132K) : Extracting Inductor3 device
2026-03-24 19:47:09 +0100: Memory Usage (473132K) : Starting Taps EXTRACTION
2026-03-24 19:47:09 +0100: Memory Usage (473132K) : Extracting ntap1 device
2026-03-24 19:47:09 +0100: Memory Usage (473132K) : Extracting ptap1 device
2026-03-24 19:47:09 +0100: Memory Usage (473132K) : Starting SG13G2 LVS RF MOS Model Mapping
2026-03-24 19:47:09 +0100: Memory Usage (473132K) : [layout_netlist] Apply RF MOS model mapping and rfmode parameter.
2026-03-24 19:47:09 +0100: Memory Usage (473132K) : Starting SG13G2 LVS Options Preparations
2026-03-24 19:47:09 +0100: Memory Usage (473132K) : SG13G2 LVS flow: extraction -> alignment -> option preparation -> comparison.
2026-03-24 19:47:09 +0100: Memory Usage (473132K) : Starting SG13G2 LVS Alignment
2026-03-24 19:47:09 +0100: Memory Usage (473132K) : Starting SG13G2 LVS Simplification
2026-03-24 19:47:09 +0100: Memory Usage (473132K) : [layout_netlist] simplify: ENABLED
2026-03-24 19:47:09 +0100: Memory Usage (473132K) : [layout_netlist] make_top_level_pins: SKIPPED
2026-03-24 19:47:09 +0100: Memory Usage (473132K) : [layout_netlist] combine_devices: SKIPPED
2026-03-24 19:47:09 +0100: Memory Usage (473132K) : [layout_netlist] purge: SKIPPED
2026-03-24 19:47:09 +0100: Memory Usage (473132K) : [layout_netlist] purge_nets: SKIPPED
2026-03-24 19:47:09 +0100: Memory Usage (473132K) : [schematic_netlist] simplify: ENABLED
2026-03-24 19:47:09 +0100: Memory Usage (473132K) : [schematic_netlist] make_top_level_pins: SKIPPED
2026-03-24 19:47:09 +0100: Memory Usage (473132K) : [schematic_netlist] combine_devices: SKIPPED
2026-03-24 19:47:09 +0100: Memory Usage (473132K) : [schematic_netlist] purge: SKIPPED
2026-03-24 19:47:09 +0100: Memory Usage (473132K) : [schematic_netlist] purge_nets: SKIPPED
2026-03-24 19:47:09 +0100: Memory Usage (473132K) : Starting SG13G2 LVS Comparison
2026-03-24 19:47:09 +0100: Memory Usage (473260K) : xxxxxxxxxxxxxxxxxxxxxxxxxxxxxxxxxxxxxxxxxx
2026-03-24 19:47:09 +0100: Memory Usage (473260K) : ERROR : Netlists don't match
2026-03-24 19:47:09 +0100: Memory Usage (473260K) : xxxxxxxxxxxxxxxxxxxxxxxxxxxxxxxxxxxxxxxxxx
2026-03-24 19:47:09 +0100: Memory Usage (473260K) : LVS Total Run time 1.315979 seconds
