# Logfile created on 2026-03-24 15:51:06 +0100 by logger.rb/v1.4.3
2026-03-24 15:51:06 +0100: Memory Usage (427584K) : Starting running SG13G2 Klayout LVS runset on /home/designer/shared/Layouts/555Layout.gds
2026-03-24 15:51:06 +0100: Memory Usage (427584K) : Ruby Version for klayout: 3.0.2
2026-03-24 15:51:06 +0100: Memory Usage (428736K) : Loading database to memory is complete.
2026-03-24 15:51:06 +0100: Memory Usage (428736K) : SG13G2 Klayout LVS runset output at: /home/designer/shared/Layouts/lvs_run_555_2026_03_24_15_51_04/555Layout.lvsdb
2026-03-24 15:51:06 +0100: Memory Usage (428736K) : Evaluate switches.
2026-03-24 15:51:06 +0100: Memory Usage (428736K) : Extracted netlist with net names: true
2026-03-24 15:51:06 +0100: Memory Usage (428736K) : Extracted netlist with comments in details: false
2026-03-24 15:51:06 +0100: Memory Usage (428736K) : Selected NET_ONLY option: false
2026-03-24 15:51:06 +0100: Memory Usage (428736K) : Selected LAYOUT_NETLIST option: (none)
2026-03-24 15:51:06 +0100: Memory Usage (428736K) : Selected IGNORE_TOP_PORTS_MISMATCH option: true
2026-03-24 15:51:06 +0100: Memory Usage (428736K) : Selected IMPLICIT_NETS option: (none)
2026-03-24 15:51:06 +0100: Memory Usage (428736K) : Selected TOP_LVL_PINS option: false
2026-03-24 15:51:06 +0100: Memory Usage (428736K) : Selected COMBINE DEVICES option: false
2026-03-24 15:51:06 +0100: Memory Usage (428736K) : Selected PURGE option: false
2026-03-24 15:51:06 +0100: Memory Usage (428736K) : Selected PURGE_NETS option: false
2026-03-24 15:51:06 +0100: Memory Usage (428736K) : Selected SIMPLIFY option: true
2026-03-24 15:51:06 +0100: Memory Usage (428736K) : Selected SERIES_RES option: true
2026-03-24 15:51:06 +0100: Memory Usage (428736K) : Selected PARALLEL_RES option: true
2026-03-24 15:51:06 +0100: Memory Usage (428736K) : flat  mode is enabled.
2026-03-24 15:51:06 +0100: Memory Usage (428992K) : Netlist file: /home/designer/shared/555.spice
2026-03-24 15:51:06 +0100: Memory Usage (428992K) : LVS extracted netlist at: /home/designer/shared/Layouts/lvs_run_555_2026_03_24_15_51_04/555Layout_extracted.cir
2026-03-24 15:51:06 +0100: Memory Usage (428992K) : Applying SRAM integration support.
2026-03-24 15:51:06 +0100: Memory Usage (428992K) : Starting SG13G2 LVS runset
2026-03-24 15:51:06 +0100: Memory Usage (428992K) : Read in polygons from layers.
2026-03-24 15:51:06 +0100: Memory Usage (429632K) : activ_drw has 45 polygons
2026-03-24 15:51:06 +0100: Memory Usage (429632K) : activ_filler has 0 polygons
2026-03-24 15:51:06 +0100: Memory Usage (429632K) : activ has 45 polygons
2026-03-24 15:51:06 +0100: Memory Usage (429632K) : activ_pin has 0 polygons
2026-03-24 15:51:06 +0100: Memory Usage (429632K) : activ_mask has 0 polygons
2026-03-24 15:51:06 +0100: Memory Usage (429632K) : activ_nofill has 0 polygons
2026-03-24 15:51:06 +0100: Memory Usage (429632K) : activ_OPC has 0 polygons
2026-03-24 15:51:06 +0100: Memory Usage (429632K) : activ_iOPC has 0 polygons
2026-03-24 15:51:06 +0100: Memory Usage (429888K) : activ_noqrc has 0 polygons
2026-03-24 15:51:06 +0100: Memory Usage (430016K) : biwind_drw has 0 polygons
2026-03-24 15:51:06 +0100: Memory Usage (430016K) : biwind_OPC has 0 polygons
2026-03-24 15:51:06 +0100: Memory Usage (430144K) : gatpoly_drw has 29 polygons
2026-03-24 15:51:06 +0100: Memory Usage (430272K) : gatpoly_filler has 0 polygons
2026-03-24 15:51:06 +0100: Memory Usage (430272K) : gatpoly has 29 polygons
2026-03-24 15:51:06 +0100: Memory Usage (430400K) : gatpoly_pin has 19 polygons
2026-03-24 15:51:06 +0100: Memory Usage (430528K) : gatpoly_nofill has 0 polygons
2026-03-24 15:51:06 +0100: Memory Usage (430656K) : gatpoly_OPC has 0 polygons
2026-03-24 15:51:06 +0100: Memory Usage (430784K) : gatpoly_iOPC has 0 polygons
2026-03-24 15:51:06 +0100: Memory Usage (430912K) : gatpoly_noqrc has 0 polygons
2026-03-24 15:51:06 +0100: Memory Usage (431040K) : cont_drw has 576 polygons
2026-03-24 15:51:06 +0100: Memory Usage (431296K) : cont_OPC has 0 polygons
2026-03-24 15:51:06 +0100: Memory Usage (431296K) : nsd_drw has 0 polygons
2026-03-24 15:51:06 +0100: Memory Usage (431424K) : nsd_block has 0 polygons
2026-03-24 15:51:06 +0100: Memory Usage (431552K) : metal1_drw has 42 polygons
2026-03-24 15:51:06 +0100: Memory Usage (431680K) : metal1_filler has 0 polygons
2026-03-24 15:51:06 +0100: Memory Usage (431808K) : metal1_slit has 0 polygons
2026-03-24 15:51:06 +0100: Memory Usage (431936K) : metal1 has 42 polygons
2026-03-24 15:51:06 +0100: Memory Usage (432064K) : metal1_pin has 41 polygons
2026-03-24 15:51:06 +0100: Memory Usage (432192K) : metal1_mask has 0 polygons
2026-03-24 15:51:06 +0100: Memory Usage (432320K) : metal1_nofill has 0 polygons
2026-03-24 15:51:06 +0100: Memory Usage (432576K) : metal1_text has 0 polygons
2026-03-24 15:51:06 +0100: Memory Usage (432704K) : metal1_OPC has 0 polygons
2026-03-24 15:51:06 +0100: Memory Usage (432832K) : metal1_noqrc has 0 polygons
2026-03-24 15:51:06 +0100: Memory Usage (432960K) : metal1_res has 0 polygons
2026-03-24 15:51:06 +0100: Memory Usage (433088K) : metal1_iprobe has 0 polygons
2026-03-24 15:51:06 +0100: Memory Usage (433216K) : metal1_diffprb has 0 polygons
2026-03-24 15:51:06 +0100: Memory Usage (433344K) : passiv_drw has 0 polygons
2026-03-24 15:51:06 +0100: Memory Usage (433472K) : passiv_pin has 0 polygons
2026-03-24 15:51:06 +0100: Memory Usage (433600K) : passiv_sbump has 0 polygons
2026-03-24 15:51:06 +0100: Memory Usage (433728K) : passiv_pillar has 0 polygons
2026-03-24 15:51:06 +0100: Memory Usage (433856K) : passiv_pdl has 0 polygons
2026-03-24 15:51:06 +0100: Memory Usage (433984K) : metal2_drw has 18 polygons
2026-03-24 15:51:06 +0100: Memory Usage (434112K) : metal2_filler has 0 polygons
2026-03-24 15:51:06 +0100: Memory Usage (434112K) : metal2_slit has 0 polygons
2026-03-24 15:51:06 +0100: Memory Usage (434240K) : metal2 has 18 polygons
2026-03-24 15:51:06 +0100: Memory Usage (434368K) : metal2_pin has 0 polygons
2026-03-24 15:51:06 +0100: Memory Usage (434496K) : metal2_mask has 0 polygons
2026-03-24 15:51:06 +0100: Memory Usage (434624K) : metal2_nofill has 0 polygons
2026-03-24 15:51:06 +0100: Memory Usage (434752K) : metal2_text has 0 polygons
2026-03-24 15:51:06 +0100: Memory Usage (434880K) : metal2_OPC has 0 polygons
2026-03-24 15:51:06 +0100: Memory Usage (435008K) : metal2_noqrc has 0 polygons
2026-03-24 15:51:06 +0100: Memory Usage (435136K) : metal2_res has 0 polygons
2026-03-24 15:51:06 +0100: Memory Usage (435264K) : metal2_iprobe has 0 polygons
2026-03-24 15:51:06 +0100: Memory Usage (435392K) : metal2_diffprb has 0 polygons
2026-03-24 15:51:06 +0100: Memory Usage (435520K) : baspoly_drw has 0 polygons
2026-03-24 15:51:06 +0100: Memory Usage (435648K) : baspoly_pin has 0 polygons
2026-03-24 15:51:06 +0100: Memory Usage (435776K) : psd_drw has 26 polygons
2026-03-24 15:51:06 +0100: Memory Usage (435776K) : nldb_drw has 0 polygons
2026-03-24 15:51:06 +0100: Memory Usage (435904K) : digibnd_drw has 0 polygons
2026-03-24 15:51:06 +0100: Memory Usage (436032K) : via1_drw has 27 polygons
2026-03-24 15:51:06 +0100: Memory Usage (436160K) : backmetal1_drw has 0 polygons
2026-03-24 15:51:06 +0100: Memory Usage (436416K) : backmetal1_pin has 0 polygons
2026-03-24 15:51:06 +0100: Memory Usage (436544K) : backmetal1_mask has 0 polygons
2026-03-24 15:51:06 +0100: Memory Usage (436672K) : backmetal1_filler has 0 polygons
2026-03-24 15:51:06 +0100: Memory Usage (436800K) : backmetal1_nofill has 0 polygons
2026-03-24 15:51:06 +0100: Memory Usage (436928K) : backmetal1_slit has 0 polygons
2026-03-24 15:51:06 +0100: Memory Usage (436928K) : backmetal1_text has 0 polygons
2026-03-24 15:51:06 +0100: Memory Usage (437056K) : backmetal1_OPC has 0 polygons
2026-03-24 15:51:06 +0100: Memory Usage (437184K) : backmetal1_noqrc has 0 polygons
2026-03-24 15:51:06 +0100: Memory Usage (437312K) : backmetal1_res has 0 polygons
2026-03-24 15:51:06 +0100: Memory Usage (437440K) : backmetal1_iprobe has 0 polygons
2026-03-24 15:51:06 +0100: Memory Usage (437568K) : backmetal1_diffprb has 0 polygons
2026-03-24 15:51:06 +0100: Memory Usage (437696K) : backpassiv_drw has 0 polygons
2026-03-24 15:51:06 +0100: Memory Usage (437824K) : res_drw has 0 polygons
2026-03-24 15:51:06 +0100: Memory Usage (437952K) : sram_drw has 0 polygons
2026-03-24 15:51:06 +0100: Memory Usage (438080K) : trans_drw has 0 polygons
2026-03-24 15:51:06 +0100: Memory Usage (438208K) : ind_drw has 0 polygons
2026-03-24 15:51:06 +0100: Memory Usage (438336K) : ind_pin has 0 polygons
2026-03-24 15:51:06 +0100: Memory Usage (438336K) : ind_text has 0 polygons
2026-03-24 15:51:06 +0100: Memory Usage (438464K) : salblock_drw has 3 polygons
2026-03-24 15:51:06 +0100: Memory Usage (438592K) : via2_drw has 9 polygons
2026-03-24 15:51:06 +0100: Memory Usage (438720K) : metal3_drw has 6 polygons
2026-03-24 15:51:06 +0100: Memory Usage (438848K) : metal3_filler has 0 polygons
2026-03-24 15:51:06 +0100: Memory Usage (438976K) : metal3_slit has 0 polygons
2026-03-24 15:51:06 +0100: Memory Usage (439104K) : metal3 has 6 polygons
2026-03-24 15:51:06 +0100: Memory Usage (439232K) : metal3_pin has 0 polygons
2026-03-24 15:51:06 +0100: Memory Usage (439360K) : metal3_mask has 0 polygons
2026-03-24 15:51:06 +0100: Memory Usage (439488K) : metal3_nofill has 0 polygons
2026-03-24 15:51:06 +0100: Memory Usage (439488K) : metal3_text has 0 polygons
2026-03-24 15:51:06 +0100: Memory Usage (439616K) : metal3_OPC has 0 polygons
2026-03-24 15:51:06 +0100: Memory Usage (439744K) : metal3_noqrc has 0 polygons
2026-03-24 15:51:06 +0100: Memory Usage (439872K) : metal3_res has 0 polygons
2026-03-24 15:51:06 +0100: Memory Usage (440000K) : metal3_iprobe has 0 polygons
2026-03-24 15:51:06 +0100: Memory Usage (440128K) : metal3_diffprb has 0 polygons
2026-03-24 15:51:06 +0100: Memory Usage (440256K) : nwell_drw has 2 polygons
2026-03-24 15:51:06 +0100: Memory Usage (440384K) : nwell_pin has 0 polygons
2026-03-24 15:51:06 +0100: Memory Usage (440512K) : nwell_text has 0 polygons
2026-03-24 15:51:06 +0100: Memory Usage (440640K) : nbulay_drw has 0 polygons
2026-03-24 15:51:06 +0100: Memory Usage (440768K) : nbulay_pin has 0 polygons
2026-03-24 15:51:06 +0100: Memory Usage (440896K) : nbulay_block has 0 polygons
2026-03-24 15:51:06 +0100: Memory Usage (441024K) : emwind_drw has 0 polygons
2026-03-24 15:51:06 +0100: Memory Usage (441152K) : emwind_OPC has 0 polygons
2026-03-24 15:51:06 +0100: Memory Usage (441280K) : deepco_drw has 0 polygons
2026-03-24 15:51:06 +0100: Memory Usage (441408K) : mim_drw has 0 polygons
2026-03-24 15:51:06 +0100: Memory Usage (441536K) : edgeseal_drw has 0 polygons
2026-03-24 15:51:06 +0100: Memory Usage (441664K) : substrate_drw has 20 polygons
2026-03-24 15:51:06 +0100: Memory Usage (441792K) : substrate_text has 0 polygons
2026-03-24 15:51:06 +0100: Memory Usage (441920K) : dfpad_drw has 0 polygons
2026-03-24 15:51:06 +0100: Memory Usage (442048K) : dfpad_pillar has 0 polygons
2026-03-24 15:51:06 +0100: Memory Usage (442176K) : dfpad_sbump has 0 polygons
2026-03-24 15:51:06 +0100: Memory Usage (442304K) : thickgateox_drw has 0 polygons
2026-03-24 15:51:06 +0100: Memory Usage (442432K) : pldb_drw has 0 polygons
2026-03-24 15:51:06 +0100: Memory Usage (442560K) : pwell_drw has 0 polygons
2026-03-24 15:51:06 +0100: Memory Usage (442688K) : pwell_pin has 0 polygons
2026-03-24 15:51:06 +0100: Memory Usage (442816K) : pwell_block has 0 polygons
2026-03-24 15:51:06 +0100: Memory Usage (442944K) : ic_drw has 0 polygons
2026-03-24 15:51:06 +0100: Memory Usage (443072K) : via3_drw has 0 polygons
2026-03-24 15:51:06 +0100: Memory Usage (443200K) : metal4_drw has 0 polygons
2026-03-24 15:51:06 +0100: Memory Usage (443328K) : metal4_filler has 0 polygons
2026-03-24 15:51:06 +0100: Memory Usage (443456K) : metal4_slit has 0 polygons
2026-03-24 15:51:06 +0100: Memory Usage (443584K) : metal4 has 0 polygons
2026-03-24 15:51:06 +0100: Memory Usage (443712K) : metal4_pin has 0 polygons
2026-03-24 15:51:06 +0100: Memory Usage (443840K) : metal4_mask has 0 polygons
2026-03-24 15:51:06 +0100: Memory Usage (443968K) : metal4_nofill has 0 polygons
2026-03-24 15:51:06 +0100: Memory Usage (443968K) : metal4_text has 0 polygons
2026-03-24 15:51:06 +0100: Memory Usage (444096K) : metal4_OPC has 0 polygons
2026-03-24 15:51:06 +0100: Memory Usage (444224K) : metal4_noqrc has 0 polygons
2026-03-24 15:51:06 +0100: Memory Usage (444352K) : metal4_res has 0 polygons
2026-03-24 15:51:06 +0100: Memory Usage (444480K) : metal4_iprobe has 0 polygons
2026-03-24 15:51:06 +0100: Memory Usage (444736K) : metal4_diffprb has 0 polygons
2026-03-24 15:51:06 +0100: Memory Usage (444864K) : heattrans_drw has 47 polygons
2026-03-24 15:51:06 +0100: Memory Usage (444992K) : heatres_drw has 3 polygons
2026-03-24 15:51:06 +0100: Memory Usage (445120K) : fbe_drw has 0 polygons
2026-03-24 15:51:06 +0100: Memory Usage (445248K) : empoly_drw has 0 polygons
2026-03-24 15:51:06 +0100: Memory Usage (445376K) : digisub_drw has 0 polygons
2026-03-24 15:51:06 +0100: Memory Usage (445376K) : text_drw has 46 polygons
2026-03-24 15:51:06 +0100: Memory Usage (445504K) : via4_drw has 0 polygons
2026-03-24 15:51:06 +0100: Memory Usage (445632K) : metal5_drw has 0 polygons
2026-03-24 15:51:06 +0100: Memory Usage (445632K) : metal5_filler has 0 polygons
2026-03-24 15:51:06 +0100: Memory Usage (445632K) : metal5_slit has 0 polygons
2026-03-24 15:51:06 +0100: Memory Usage (445632K) : metal5 has 0 polygons
2026-03-24 15:51:06 +0100: Memory Usage (445760K) : metal5_pin has 0 polygons
2026-03-24 15:51:06 +0100: Memory Usage (445888K) : metal5_mask has 0 polygons
2026-03-24 15:51:06 +0100: Memory Usage (446016K) : metal5_nofill has 0 polygons
2026-03-24 15:51:06 +0100: Memory Usage (446144K) : metal5_text has 0 polygons
2026-03-24 15:51:06 +0100: Memory Usage (446272K) : metal5_OPC has 0 polygons
2026-03-24 15:51:06 +0100: Memory Usage (446400K) : metal5_noqrc has 0 polygons
2026-03-24 15:51:06 +0100: Memory Usage (446528K) : metal5_res has 0 polygons
2026-03-24 15:51:06 +0100: Memory Usage (446656K) : metal5_iprobe has 0 polygons
2026-03-24 15:51:06 +0100: Memory Usage (446784K) : metal5_diffprb has 0 polygons
2026-03-24 15:51:06 +0100: Memory Usage (446912K) : radhard_drw has 0 polygons
2026-03-24 15:51:06 +0100: Memory Usage (447040K) : memcap_drw has 0 polygons
2026-03-24 15:51:06 +0100: Memory Usage (447168K) : varicap_drw has 0 polygons
2026-03-24 15:51:06 +0100: Memory Usage (447296K) : intbondvia_drw has 0 polygons
2026-03-24 15:51:06 +0100: Memory Usage (447424K) : intbondmet_drw has 0 polygons
2026-03-24 15:51:06 +0100: Memory Usage (447552K) : devbondvia_drw has 0 polygons
2026-03-24 15:51:06 +0100: Memory Usage (447680K) : devbondmet_drw has 0 polygons
2026-03-24 15:51:06 +0100: Memory Usage (447808K) : devtrench_drw has 0 polygons
2026-03-24 15:51:06 +0100: Memory Usage (447936K) : redist_drw has 0 polygons
2026-03-24 15:51:06 +0100: Memory Usage (448064K) : graphbot_drw has 0 polygons
2026-03-24 15:51:06 +0100: Memory Usage (448192K) : graphtop_drw has 0 polygons
2026-03-24 15:51:06 +0100: Memory Usage (448320K) : antvia1_drw has 0 polygons
2026-03-24 15:51:06 +0100: Memory Usage (448448K) : antmetal2_drw has 0 polygons
2026-03-24 15:51:06 +0100: Memory Usage (448576K) : graphcont_drw has 0 polygons
2026-03-24 15:51:06 +0100: Memory Usage (448704K) : siwg_drw has 0 polygons
2026-03-24 15:51:06 +0100: Memory Usage (448832K) : siwg_filler has 0 polygons
2026-03-24 15:51:06 +0100: Memory Usage (448960K) : siwg_nofill has 0 polygons
2026-03-24 15:51:06 +0100: Memory Usage (449216K) : sigrating_drw has 0 polygons
2026-03-24 15:51:06 +0100: Memory Usage (449344K) : singrating_drw has 0 polygons
2026-03-24 15:51:06 +0100: Memory Usage (449472K) : graphpas_drw has 0 polygons
2026-03-24 15:51:06 +0100: Memory Usage (449600K) : emwind3_drw has 0 polygons
2026-03-24 15:51:06 +0100: Memory Usage (449728K) : emwihv3_drw has 0 polygons
2026-03-24 15:51:06 +0100: Memory Usage (449856K) : redbulay_drw has 0 polygons
2026-03-24 15:51:06 +0100: Memory Usage (449984K) : smos_drw has 0 polygons
2026-03-24 15:51:06 +0100: Memory Usage (450112K) : graphpad_drw has 0 polygons
2026-03-24 15:51:06 +0100: Memory Usage (450240K) : polimide_drw has 0 polygons
2026-03-24 15:51:06 +0100: Memory Usage (450368K) : polimide_pin has 0 polygons
2026-03-24 15:51:06 +0100: Memory Usage (450496K) : recog_drw has 0 polygons
2026-03-24 15:51:06 +0100: Memory Usage (450624K) : recog_pin has 0 polygons
2026-03-24 15:51:06 +0100: Memory Usage (450752K) : recog_esd has 0 polygons
2026-03-24 15:51:06 +0100: Memory Usage (450880K) : recog_diode has 0 polygons
2026-03-24 15:51:06 +0100: Memory Usage (451008K) : recog_tsv has 0 polygons
2026-03-24 15:51:06 +0100: Memory Usage (451136K) : recog_iprobe has 0 polygons
2026-03-24 15:51:06 +0100: Memory Usage (451264K) : recog_diffprb has 0 polygons
2026-03-24 15:51:06 +0100: Memory Usage (451392K) : recog_pillar has 0 polygons
2026-03-24 15:51:06 +0100: Memory Usage (451520K) : recog_sbump has 0 polygons
2026-03-24 15:51:06 +0100: Memory Usage (451648K) : recog_otp has 0 polygons
2026-03-24 15:51:06 +0100: Memory Usage (451776K) : recog_pdiode has 0 polygons
2026-03-24 15:51:06 +0100: Memory Usage (451904K) : recog_mom has 0 polygons
2026-03-24 15:51:06 +0100: Memory Usage (452032K) : recog_pcm has 0 polygons
2026-03-24 15:51:06 +0100: Memory Usage (452160K) : colopen_drw has 0 polygons
2026-03-24 15:51:06 +0100: Memory Usage (452288K) : graphmetal1_drw has 0 polygons
2026-03-24 15:51:06 +0100: Memory Usage (452416K) : graphmetal1_filler has 0 polygons
2026-03-24 15:51:06 +0100: Memory Usage (452544K) : graphmetal1_nofill has 0 polygons
2026-03-24 15:51:06 +0100: Memory Usage (452672K) : graphmetal1_slit has 0 polygons
2026-03-24 15:51:06 +0100: Memory Usage (452800K) : graphmetal1_OPC has 0 polygons
2026-03-24 15:51:06 +0100: Memory Usage (452928K) : graphmet1l_drw has 0 polygons
2026-03-24 15:51:06 +0100: Memory Usage (453056K) : graphmet1l_filler has 0 polygons
2026-03-24 15:51:06 +0100: Memory Usage (453184K) : graphmet1l_nofill has 0 polygons
2026-03-24 15:51:06 +0100: Memory Usage (453440K) : graphmet1l_slit has 0 polygons
2026-03-24 15:51:06 +0100: Memory Usage (453568K) : graphmet1l_OPC has 0 polygons
2026-03-24 15:51:06 +0100: Memory Usage (453696K) : extblock_drw has 3 polygons
2026-03-24 15:51:06 +0100: Memory Usage (453824K) : nldd_drw has 0 polygons
2026-03-24 15:51:06 +0100: Memory Usage (453952K) : pldd_drw has 0 polygons
2026-03-24 15:51:06 +0100: Memory Usage (454080K) : next_drw has 0 polygons
2026-03-24 15:51:06 +0100: Memory Usage (454208K) : pext_drw has 0 polygons
2026-03-24 15:51:06 +0100: Memory Usage (454336K) : nexthv_drw has 0 polygons
2026-03-24 15:51:06 +0100: Memory Usage (454464K) : pexthv_drw has 0 polygons
2026-03-24 15:51:06 +0100: Memory Usage (454592K) : graphgate_drw has 0 polygons
2026-03-24 15:51:06 +0100: Memory Usage (454720K) : sinwg_drw has 0 polygons
2026-03-24 15:51:06 +0100: Memory Usage (454848K) : sinwg_filler has 0 polygons
2026-03-24 15:51:06 +0100: Memory Usage (454976K) : sinwg_nofill has 0 polygons
2026-03-24 15:51:06 +0100: Memory Usage (455104K) : mempad_drw has 0 polygons
2026-03-24 15:51:06 +0100: Memory Usage (455232K) : topvia1_drw has 0 polygons
2026-03-24 15:51:06 +0100: Memory Usage (455360K) : topmetal1_drw has 0 polygons
2026-03-24 15:51:06 +0100: Memory Usage (455488K) : topmetal1_filler has 0 polygons
2026-03-24 15:51:06 +0100: Memory Usage (455616K) : topmetal1_slit has 0 polygons
2026-03-24 15:51:06 +0100: Memory Usage (455744K) : topmetal1 has 0 polygons
2026-03-24 15:51:06 +0100: Memory Usage (455872K) : topmetal1_pin has 0 polygons
2026-03-24 15:51:06 +0100: Memory Usage (456000K) : topmetal1_mask has 0 polygons
2026-03-24 15:51:06 +0100: Memory Usage (456128K) : topmetal1_nofill has 0 polygons
2026-03-24 15:51:06 +0100: Memory Usage (456256K) : topmetal1_text has 0 polygons
2026-03-24 15:51:06 +0100: Memory Usage (456384K) : topmetal1_noqrc has 0 polygons
2026-03-24 15:51:06 +0100: Memory Usage (456512K) : topmetal1_res has 0 polygons
2026-03-24 15:51:06 +0100: Memory Usage (456640K) : topmetal1_iprobe has 0 polygons
2026-03-24 15:51:06 +0100: Memory Usage (456768K) : topmetal1_diffprb has 0 polygons
2026-03-24 15:51:06 +0100: Memory Usage (456896K) : inldpwl_drw has 0 polygons
2026-03-24 15:51:06 +0100: Memory Usage (457024K) : polyres_drw has 3 polygons
2026-03-24 15:51:06 +0100: Memory Usage (457152K) : polyres_pin has 0 polygons
2026-03-24 15:51:06 +0100: Memory Usage (457280K) : vmim_drw has 0 polygons
2026-03-24 15:51:06 +0100: Memory Usage (457408K) : nbulaycut_drw has 0 polygons
2026-03-24 15:51:06 +0100: Memory Usage (457536K) : antmetal1_drw has 0 polygons
2026-03-24 15:51:06 +0100: Memory Usage (457664K) : topvia2_drw has 0 polygons
2026-03-24 15:51:06 +0100: Memory Usage (457792K) : topmetal2_drw has 0 polygons
2026-03-24 15:51:06 +0100: Memory Usage (457920K) : topmetal2_filler has 0 polygons
2026-03-24 15:51:06 +0100: Memory Usage (458048K) : topmetal2_slit has 0 polygons
2026-03-24 15:51:06 +0100: Memory Usage (458176K) : topmetal2 has 0 polygons
2026-03-24 15:51:06 +0100: Memory Usage (458304K) : topmetal2_pin has 0 polygons
2026-03-24 15:51:06 +0100: Memory Usage (458432K) : topmetal2_mask has 0 polygons
2026-03-24 15:51:06 +0100: Memory Usage (458560K) : topmetal2_nofill has 0 polygons
2026-03-24 15:51:06 +0100: Memory Usage (458560K) : topmetal2_text has 0 polygons
2026-03-24 15:51:06 +0100: Memory Usage (458688K) : topmetal2_noqrc has 0 polygons
2026-03-24 15:51:06 +0100: Memory Usage (458816K) : topmetal2_res has 0 polygons
2026-03-24 15:51:06 +0100: Memory Usage (458944K) : topmetal2_iprobe has 0 polygons
2026-03-24 15:51:06 +0100: Memory Usage (459072K) : topmetal2_diffprb has 0 polygons
2026-03-24 15:51:06 +0100: Memory Usage (459200K) : snsring_drw has 0 polygons
2026-03-24 15:51:06 +0100: Memory Usage (459456K) : sensor_drw has 0 polygons
2026-03-24 15:51:06 +0100: Memory Usage (459584K) : snsarms_drw has 0 polygons
2026-03-24 15:51:06 +0100: Memory Usage (459712K) : snscmosvia_drw has 0 polygons
2026-03-24 15:51:06 +0100: Memory Usage (459840K) : colwind_drw has 0 polygons
2026-03-24 15:51:06 +0100: Memory Usage (459968K) : flm_drw has 0 polygons
2026-03-24 15:51:06 +0100: Memory Usage (460096K) : hafniumox_drw has 0 polygons
2026-03-24 15:51:06 +0100: Memory Usage (460224K) : memvia_drw has 0 polygons
2026-03-24 15:51:06 +0100: Memory Usage (460352K) : thinfilmres_drw has 0 polygons
2026-03-24 15:51:06 +0100: Memory Usage (460480K) : rfmem_drw has 0 polygons
2026-03-24 15:51:06 +0100: Memory Usage (460608K) : norcx_drw has 0 polygons
2026-03-24 15:51:06 +0100: Memory Usage (460736K) : norcx_m2m3 has 0 polygons
2026-03-24 15:51:06 +0100: Memory Usage (460864K) : norcx_m2m4 has 0 polygons
2026-03-24 15:51:06 +0100: Memory Usage (460992K) : norcx_m2m5 has 0 polygons
2026-03-24 15:51:06 +0100: Memory Usage (461120K) : norcx_m2tm1 has 0 polygons
2026-03-24 15:51:06 +0100: Memory Usage (461248K) : norcx_m2tm2 has 0 polygons
2026-03-24 15:51:06 +0100: Memory Usage (461376K) : norcx_m3m4 has 0 polygons
2026-03-24 15:51:06 +0100: Memory Usage (461504K) : norcx_m3m5 has 0 polygons
2026-03-24 15:51:06 +0100: Memory Usage (461632K) : norcx_m3tm1 has 0 polygons
2026-03-24 15:51:06 +0100: Memory Usage (461760K) : norcx_m3tm2 has 0 polygons
2026-03-24 15:51:06 +0100: Memory Usage (461888K) : norcx_m4m5 has 0 polygons
2026-03-24 15:51:06 +0100: Memory Usage (462016K) : norcx_m4tm1 has 0 polygons
2026-03-24 15:51:06 +0100: Memory Usage (462144K) : norcx_m4tm2 has 0 polygons
2026-03-24 15:51:06 +0100: Memory Usage (462272K) : norcx_m5tm1 has 0 polygons
2026-03-24 15:51:06 +0100: Memory Usage (462400K) : norcx_m5tm2 has 0 polygons
2026-03-24 15:51:06 +0100: Memory Usage (462528K) : norcx_tm1tm2 has 0 polygons
2026-03-24 15:51:06 +0100: Memory Usage (462656K) : norcx_m1sub has 0 polygons
2026-03-24 15:51:06 +0100: Memory Usage (462784K) : norcx_m2sub has 0 polygons
2026-03-24 15:51:06 +0100: Memory Usage (462912K) : norcx_m3sub has 0 polygons
2026-03-24 15:51:06 +0100: Memory Usage (463040K) : norcx_m4sub has 0 polygons
2026-03-24 15:51:06 +0100: Memory Usage (459908K) : norcx_m5sub has 0 polygons
2026-03-24 15:51:06 +0100: Memory Usage (459908K) : norcx_tm1sub has 0 polygons
2026-03-24 15:51:06 +0100: Memory Usage (459908K) : norcx_tm2sub has 0 polygons
2026-03-24 15:51:06 +0100: Memory Usage (459908K) : snsbotvia_drw has 0 polygons
2026-03-24 15:51:06 +0100: Memory Usage (459908K) : snstopvia_drw has 0 polygons
2026-03-24 15:51:06 +0100: Memory Usage (459908K) : deepvia_drw has 0 polygons
2026-03-24 15:51:06 +0100: Memory Usage (459908K) : fgetch_drw has 0 polygons
2026-03-24 15:51:06 +0100: Memory Usage (459908K) : ctrgat_drw has 0 polygons
2026-03-24 15:51:06 +0100: Memory Usage (459908K) : fgimp_drw has 0 polygons
2026-03-24 15:51:06 +0100: Memory Usage (459908K) : emwihv_drw has 0 polygons
2026-03-24 15:51:06 +0100: Memory Usage (459908K) : lbe_drw has 0 polygons
2026-03-24 15:51:06 +0100: Memory Usage (459908K) : alcustop_drw has 0 polygons
2026-03-24 15:51:06 +0100: Memory Usage (459908K) : nometfiller_drw has 0 polygons
2026-03-24 15:51:06 +0100: Memory Usage (459908K) : prboundary_drw has 0 polygons
2026-03-24 15:51:06 +0100: Memory Usage (459908K) : exchange0_drw has 0 polygons
2026-03-24 15:51:06 +0100: Memory Usage (459908K) : exchange0_pin has 0 polygons
2026-03-24 15:51:06 +0100: Memory Usage (459908K) : exchange0_text has 0 polygons
2026-03-24 15:51:06 +0100: Memory Usage (459908K) : exchange1_drw has 0 polygons
2026-03-24 15:51:06 +0100: Memory Usage (459908K) : exchange1_pin has 0 polygons
2026-03-24 15:51:06 +0100: Memory Usage (459908K) : exchange1_text has 0 polygons
2026-03-24 15:51:06 +0100: Memory Usage (459908K) : exchange2_drw has 0 polygons
2026-03-24 15:51:06 +0100: Memory Usage (459908K) : exchange2_pin has 0 polygons
2026-03-24 15:51:06 +0100: Memory Usage (459908K) : exchange2_text has 0 polygons
2026-03-24 15:51:06 +0100: Memory Usage (459908K) : exchange3_drw has 0 polygons
2026-03-24 15:51:06 +0100: Memory Usage (459908K) : exchange3_pin has 0 polygons
2026-03-24 15:51:06 +0100: Memory Usage (459908K) : exchange3_text has 0 polygons
2026-03-24 15:51:06 +0100: Memory Usage (459908K) : exchange4_drw has 0 polygons
2026-03-24 15:51:06 +0100: Memory Usage (459908K) : exchange4_pin has 0 polygons
2026-03-24 15:51:06 +0100: Memory Usage (459908K) : exchange4_text has 0 polygons
2026-03-24 15:51:06 +0100: Memory Usage (459908K) : isonwell_drw has 0 polygons
2026-03-24 15:51:06 +0100: Memory Usage (459908K) : Total no. of polygons in the design is 965
2026-03-24 15:51:06 +0100: Memory Usage (459908K) : Starting base layers derivations
2026-03-24 15:51:06 +0100: Memory Usage (459908K) : Starting general LVS derivations
2026-03-24 15:51:07 +0100: Memory Usage (461316K) : Starting MOSFET DERIVATIONS
2026-03-24 15:51:07 +0100: Memory Usage (461316K) : Starting NMOS DERIVATIONS
2026-03-24 15:51:07 +0100: Memory Usage (461316K) : Starting PMOS DERIVATIONS
2026-03-24 15:51:07 +0100: Memory Usage (461316K) : Starting RF-MOSFET DERIVATIONS
2026-03-24 15:51:07 +0100: Memory Usage (461316K) : Starting RF-NMOS DERIVATIONS
2026-03-24 15:51:07 +0100: Memory Usage (461316K) : Starting RF-PMOS DERIVATIONS
2026-03-24 15:51:07 +0100: Memory Usage (461316K) : Starting BJT DERIVATIONS
2026-03-24 15:51:07 +0100: Memory Usage (461316K) : Starting NPN-BJT DERIVATIONS
2026-03-24 15:51:07 +0100: Memory Usage (461316K) : Starting PNP-BJT DERIVATIONS
2026-03-24 15:51:07 +0100: Memory Usage (461316K) : Starting DIODE DERIVATIONS
2026-03-24 15:51:07 +0100: Memory Usage (461316K) : Starting RESISTOR DERIVATIONS
2026-03-24 15:51:07 +0100: Memory Usage (461316K) : Starting CAP DERIVATIONS
2026-03-24 15:51:07 +0100: Memory Usage (461316K) : Starting ESD DERIVATIONS
2026-03-24 15:51:07 +0100: Memory Usage (467844K) : Starting Inductor DERIVATIONS
2026-03-24 15:51:07 +0100: Memory Usage (460064K) : Starting Taps DERIVATIONS
2026-03-24 15:51:07 +0100: Memory Usage (460064K) : Starting SG13G2 LVS connectivity setup
2026-03-24 15:51:07 +0100: Memory Usage (460064K) : Starting SG13G2 LVS connectivity setup (Inter-layer)
2026-03-24 15:51:07 +0100: Memory Usage (460576K) : Starting SG13G2 LVS connectivity setup (Global)
2026-03-24 15:51:07 +0100: Memory Usage (460576K) : Starting LVS MOSFET CONNECTIONS
2026-03-24 15:51:07 +0100: Memory Usage (460576K) : Starting LVS RF-MOSFET CONNECTIONS
2026-03-24 15:51:07 +0100: Memory Usage (460576K) : Starting LVS BJT CONNECTIONS
2026-03-24 15:51:07 +0100: Memory Usage (460576K) : Starting LVS DIODE CONNECTIONS
2026-03-24 15:51:07 +0100: Memory Usage (460576K) : Starting RESISTOR CONNECTIONS
2026-03-24 15:51:07 +0100: Memory Usage (460576K) : Starting LVS CAP CONNECTIONS
2026-03-24 15:51:07 +0100: Memory Usage (460576K) : Starting ESD CONNECTIONS
2026-03-24 15:51:07 +0100: Memory Usage (460576K) : Starting Inductor CONNECTIONS
2026-03-24 15:51:07 +0100: Memory Usage (460576K) : Starting LVS Taps CONNECTIONS
2026-03-24 15:51:07 +0100: Memory Usage (460576K) : Starting SG13G2 LVS DEVICES EXTRACTION
2026-03-24 15:51:07 +0100: Memory Usage (460576K) : Starting MOSFET EXTRACTION
2026-03-24 15:51:07 +0100: Memory Usage (460576K) : Starting NMOS EXTRACTION
2026-03-24 15:51:07 +0100: Memory Usage (460576K) : Extraction of NMOS-LV transistor
2026-03-24 15:51:07 +0100: Memory Usage (461088K) : Extraction of NMOS-HV transistor
2026-03-24 15:51:07 +0100: Memory Usage (461088K) : Starting PMOS EXTRACTION
2026-03-24 15:51:07 +0100: Memory Usage (461088K) : Extraction of PMOS-LV transistor
2026-03-24 15:51:07 +0100: Memory Usage (461088K) : Extraction of PMOS-HV transistor
2026-03-24 15:51:07 +0100: Memory Usage (461088K) : Starting RF-MOSFET EXTRACTION
2026-03-24 15:51:07 +0100: Memory Usage (461088K) : Extraction of RF-NMOS-LV transistor
2026-03-24 15:51:07 +0100: Memory Usage (461088K) : Extraction of RF-NMOS-HV transistor
2026-03-24 15:51:07 +0100: Memory Usage (461088K) : Extraction of RF-PMOS-LV transistor
2026-03-24 15:51:07 +0100: Memory Usage (461088K) : Extraction of RF-PMOS-HV transistor
2026-03-24 15:51:07 +0100: Memory Usage (461088K) : Starting BJT EXTRACTION
2026-03-24 15:51:07 +0100: Memory Usage (461088K) : Starting NPN-BJT EXTRACTION
2026-03-24 15:51:07 +0100: Memory Usage (461088K) : Extraction of npn13G2 BJT transistor
2026-03-24 15:51:07 +0100: Memory Usage (461088K) : Extraction of npn13G2L BJT transistor
2026-03-24 15:51:07 +0100: Memory Usage (461088K) : Extraction of npn13G2V BJT transistor
2026-03-24 15:51:07 +0100: Memory Usage (461088K) : Starting PNP-BJT EXTRACTION
2026-03-24 15:51:07 +0100: Memory Usage (461088K) : Extracting pnpMPA BJT
2026-03-24 15:51:07 +0100: Memory Usage (461088K) : Starting DIODE EXTRACTION
2026-03-24 15:51:07 +0100: Memory Usage (461088K) : Extracting dantenna diode
2026-03-24 15:51:07 +0100: Memory Usage (461088K) : Extracting dpantenna diode
2026-03-24 15:51:07 +0100: Memory Usage (461088K) : Extracting schottky_nbl1 diode
2026-03-24 15:51:07 +0100: Memory Usage (461088K) : Extracting isolbox diode
2026-03-24 15:51:07 +0100: Memory Usage (461088K) : Starting RESISTOR EXTRACTION
2026-03-24 15:51:07 +0100: Memory Usage (461088K) : Extracting rsil resistor
2026-03-24 15:51:07 +0100: Memory Usage (461088K) : Extracting rppd resistor
2026-03-24 15:51:07 +0100: Memory Usage (461472K) : Extracting rhigh resistor
2026-03-24 15:51:07 +0100: Memory Usage (461472K) : Extracting res_metal1 resistor
2026-03-24 15:51:07 +0100: Memory Usage (461600K) : Extracting res_metal2 resistor
2026-03-24 15:51:07 +0100: Memory Usage (461600K) : Extracting res_metal3 resistor
2026-03-24 15:51:07 +0100: Memory Usage (461600K) : Extracting res_metal4 resistor
2026-03-24 15:51:07 +0100: Memory Usage (461600K) : Extracting res_metal5 resistor
2026-03-24 15:51:07 +0100: Memory Usage (461600K) : Extracting res_topmetal1 resistor
2026-03-24 15:51:07 +0100: Memory Usage (461600K) : Extracting res_topmetal2 resistor
2026-03-24 15:51:07 +0100: Memory Usage (461600K) : Starting CAP EXTRACTION
2026-03-24 15:51:07 +0100: Memory Usage (461600K) : Extracting cap_cmim device
2026-03-24 15:51:07 +0100: Memory Usage (461600K) : Extracting rfcmim device
2026-03-24 15:51:07 +0100: Memory Usage (461600K) : Extracting sg13_hv_svaricap varactor
2026-03-24 15:51:07 +0100: Memory Usage (461600K) : Starting ESD EXTRACTION
2026-03-24 15:51:07 +0100: Memory Usage (461600K) : Extracting diodevdd_2kv ESD device
2026-03-24 15:51:07 +0100: Memory Usage (461600K) : Extracting diodevdd_4kv ESD device
2026-03-24 15:51:07 +0100: Memory Usage (461600K) : Extracting diodevss_2kv ESD device
2026-03-24 15:51:07 +0100: Memory Usage (461600K) : Extracting diodevss_4kv ESD device
2026-03-24 15:51:07 +0100: Memory Usage (461600K) : Extracting idiodevdd_2kv ESD device
2026-03-24 15:51:07 +0100: Memory Usage (461600K) : Extracting idiodevdd_4kv ESD device
2026-03-24 15:51:07 +0100: Memory Usage (461600K) : Extracting idiodevss_2kv ESD device
2026-03-24 15:51:07 +0100: Memory Usage (461600K) : Extracting idiodevss_4kv ESD device
2026-03-24 15:51:07 +0100: Memory Usage (461600K) : Extracting nmoscl_2 ESD device
2026-03-24 15:51:07 +0100: Memory Usage (461600K) : Extracting nmoscl_4 ESD device
2026-03-24 15:51:07 +0100: Memory Usage (461600K) : Starting Inductor EXTRACTION
2026-03-24 15:51:07 +0100: Memory Usage (461600K) : Extracting Inductor2 device
2026-03-24 15:51:07 +0100: Memory Usage (461600K) : Extracting Inductor3 device
2026-03-24 15:51:07 +0100: Memory Usage (461600K) : Starting Taps EXTRACTION
2026-03-24 15:51:07 +0100: Memory Usage (461600K) : Extracting ntap1 device
2026-03-24 15:51:07 +0100: Memory Usage (461600K) : Extracting ptap1 device
2026-03-24 15:51:07 +0100: Memory Usage (461600K) : Starting SG13G2 LVS RF MOS Model Mapping
2026-03-24 15:51:07 +0100: Memory Usage (461600K) : [layout_netlist] Apply RF MOS model mapping and rfmode parameter.
2026-03-24 15:51:07 +0100: Memory Usage (461600K) : Starting SG13G2 LVS Options Preparations
2026-03-24 15:51:07 +0100: Memory Usage (461600K) : SG13G2 LVS flow: extraction -> alignment -> option preparation -> comparison.
2026-03-24 15:51:07 +0100: Memory Usage (461600K) : Starting SG13G2 LVS Alignment
2026-03-24 15:51:07 +0100: Memory Usage (461728K) : Starting SG13G2 LVS Simplification
2026-03-24 15:51:07 +0100: Memory Usage (461728K) : [layout_netlist] simplify: ENABLED
2026-03-24 15:51:07 +0100: Memory Usage (461728K) : [layout_netlist] make_top_level_pins: SKIPPED
2026-03-24 15:51:07 +0100: Memory Usage (461728K) : [layout_netlist] combine_devices: SKIPPED
2026-03-24 15:51:07 +0100: Memory Usage (461728K) : [layout_netlist] purge: SKIPPED
2026-03-24 15:51:07 +0100: Memory Usage (461728K) : [layout_netlist] purge_nets: SKIPPED
2026-03-24 15:51:07 +0100: Memory Usage (461728K) : [schematic_netlist] simplify: ENABLED
2026-03-24 15:51:07 +0100: Memory Usage (461728K) : [schematic_netlist] make_top_level_pins: SKIPPED
2026-03-24 15:51:07 +0100: Memory Usage (461728K) : [schematic_netlist] combine_devices: SKIPPED
2026-03-24 15:51:07 +0100: Memory Usage (461728K) : [schematic_netlist] purge: SKIPPED
2026-03-24 15:51:07 +0100: Memory Usage (461728K) : [schematic_netlist] purge_nets: SKIPPED
2026-03-24 15:51:07 +0100: Memory Usage (461728K) : Starting SG13G2 LVS Comparison
2026-03-24 15:51:07 +0100: Memory Usage (461856K) : ==========================================
2026-03-24 15:51:07 +0100: Memory Usage (461856K) : INFO : Congratulations! Netlists match.
2026-03-24 15:51:07 +0100: Memory Usage (461856K) : ==========================================
2026-03-24 15:51:07 +0100: Memory Usage (461856K) : LVS Total Run time 1.159049 seconds
